[2023-02-21 18:26:21,678]-[readConfig.py]-[line:18]-INFO: 正在读取配置文件中...
[2023-02-21 18:26:21,681]-[readConfig.py]-[line:21]-INFO: 配置文件数据读取成功！
[2023-02-21 18:26:21,830]-[readConfig.py]-[line:18]-INFO: 正在读取配置文件中...
[2023-02-21 18:26:21,833]-[readConfig.py]-[line:21]-INFO: 配置文件数据读取成功！
[2023-02-21 18:26:21,978]-[readConfig.py]-[line:18]-INFO: 正在读取配置文件中...
[2023-02-21 18:26:21,980]-[readConfig.py]-[line:21]-INFO: 配置文件数据读取成功！
[2023-02-21 18:26:22,063]-[readConfig.py]-[line:18]-INFO: 正在读取配置文件中...
[2023-02-21 18:26:22,065]-[readConfig.py]-[line:21]-INFO: 配置文件数据读取成功！
[2023-02-21 18:26:22,805]-[Request.py]-[line:20]-INFO: GET请求接口：https://mrpa-test.ai-rtc.com:8082/plat/api/sys/getImageCode?userName=cladmin 成功!
[2023-02-21 18:26:23,054]-[Request.py]-[line:35]-INFO: POST请求接口：https://mrpa-test.ai-rtc.com:8082/plat/api/sys/login 成功!
[2023-02-21 18:26:23,055]-[Request.py]-[line:40]-INFO: POST请求参数为：{'movePosX': 132, 'username': 'cladmin', 'password': 'fefd0cbad5de5ca3eddad355835b8312'}
[2023-02-21 18:26:23,055]-[Request.py]-[line:43]-INFO: POST接口返回数据为:{'code': 200, 'message': 'success', 'data': {'id': None, 'bid': 266782201937922, 'enterpriseId': 1142, 'enterpriseName': None, 'username': 'cladmin', 'realname': 'kevin', 'password': 'ea4862fb73129c92a3d2f4203c4b2a5e', 'salt': None, 'sex': None, 'departId': '1192', 'roleId': '1183', 'email': '', 'sysRole': {'id': 1, 'bid': 1183, 'enterpriseId': 1142, 'roleName': '企业管理员', 'roleCode': 'JS10001', 'dataScope': 2, 'description': '系统生成', 'status': 0, 'remarks': None, 'childPermissionIdList': None, 'childPermissionList': None, 'childPermissionsList': None, 'createId': '1222', 'createTime': 1655694102000, 'updateId': '1222', 'updateTime': 1655694101000, 'sortNum': 0, 'state': 1}, 'sysDepartQueryModel': {'bid': 1192, 'parentId': '1142', 'departName': '智能rpa部门', 'childrenPersonalVo': None}, 'sysRoleQueryModel': None, 'phone': '', 'officePhone': '', 'state': 1, 'status': 0, 'delFlag': None, 'createId': '1222', 'createTime': 1675132178000, 'updateId': '1222', 'updateTime': 1675132178000, 'remark': None, 'wrongTimes': 0, 'loginTime': 1676974983000, 'expiredTime': 5932980}, 'success': True}
[2023-02-21 18:26:23,055]-[conftest.py]-[line:66]-INFO: 获取Cookie成功！
[2023-02-21 18:26:23,056]-[test_robot_list.py]-[line:33]-INFO: 

[2023-02-21 18:26:23,056]-[test_robot_list.py]-[line:34]-WARNING: 开始测试：test_api_response
[2023-02-21 18:26:23,338]-[Request.py]-[line:35]-INFO: POST请求接口：https://mrpa-test.ai-rtc.com:8082/plat/api/robot/list 成功!
[2023-02-21 18:26:23,339]-[Request.py]-[line:42]-INFO: POST请求参数为：{'name': '', 'current': 1, 'size': 10}
[2023-02-21 18:26:23,339]-[Request.py]-[line:43]-INFO: POST接口返回数据为:{'code': 200, 'message': 'success', 'data': {'records': [{'id': 77, 'bid': 273981519233027, 'name': 'auto_test3183', 'professionId': None, 'useScope': None, 'useScopeType': 2, 'specificUseScope': '智能rpa部门/测试部', 'apiKey': '050BXNRKYASZ', 'description': None, 'registerCode': 'HD3AVEVD', 'avatar': None, 'qrCode': None, 'creator': {'id': 55, 'bid': 266782201937922, 'name': 'kevin'}, 'createTime': 1676945369000, 'updateTime': 1676945369000, 'state': 0, 'status': True, 'ifEdit': True, 'type': None}, {'id': 76, 'bid': 273976356044803, 'name': 'auto_test5274', 'professionId': None, 'useScope': None, 'useScopeType': 1, 'specificUseScope': 'kevin', 'apiKey': 'KAPLMRBQDDZF', 'description': None, 'registerCode': 'RKS1EXZZ', 'avatar': None, 'qrCode': None, 'creator': {'id': 55, 'bid': 266782201937922, 'name': 'kevin'}, 'createTime': 1676942907000, 'updateTime': 1676942907000, 'state': 0, 'status': True, 'ifEdit': True, 'type': None}, {'id': 75, 'bid': 273861169971202, 'name': 'ttasd', 'professionId': None, 'useScope': None, 'useScopeType': 1, 'specificUseScope': 'kevin;wang', 'apiKey': 'PVBEUEVDJZ3D', 'description': None, 'registerCode': 'TGT0KMII', 'avatar': None, 'qrCode': None, 'creator': {'id': 55, 'bid': 266782201937922, 'name': 'kevin'}, 'createTime': 1676887982000, 'updateTime': 1676887982000, 'state': 0, 'status': True, 'ifEdit': True, 'type': None}, {'id': 74, 'bid': 273854725423106, 'name': 'auto_test2537', 'professionId': None, 'useScope': None, 'useScopeType': 0, 'specificUseScope': '公开', 'apiKey': 'GBEWYQO26KOX', 'description': None, 'registerCode': 'PIH4DZGP', 'avatar': None, 'qrCode': None, 'creator': {'id': 55, 'bid': 266782201937922, 'name': 'kevin'}, 'createTime': 1676884909000, 'updateTime': 1676884909000, 'state': 0, 'status': True, 'ifEdit': True, 'type': None}, {'id': 73, 'bid': 273312060080130, 'name': 'sfdasdf', 'professionId': None, 'useScope': None, 'useScopeType': 2, 'specificUseScope': '智能rpa部门/测试部', 'apiKey': 'WP3FM4K0U3DR', 'description': None, 'registerCode': '1YV99EFV', 'avatar': None, 'qrCode': None, 'creator': {'id': 55, 'bid': 266782201937922, 'name': 'kevin'}, 'createTime': 1676626146000, 'updateTime': 1676626146000, 'state': 0, 'status': True, 'ifEdit': True, 'type': None}, {'id': 72, 'bid': 273308121628674, 'name': 'ssdfasdf', 'professionId': None, 'useScope': None, 'useScopeType': 1, 'specificUseScope': 'kevin;wang', 'apiKey': 'P0SDVFEMMQPS', 'description': None, 'registerCode': '3T0AGYMA', 'avatar': None, 'qrCode': None, 'creator': {'id': 55, 'bid': 266782201937922, 'name': 'kevin'}, 'createTime': 1676624268000, 'updateTime': 1676887903000, 'state': 0, 'status': True, 'ifEdit': True, 'type': None}, {'id': 71, 'bid': 273307085635586, 'name': 'lastday', 'professionId': None, 'useScope': None, 'useScopeType': 0, 'specificUseScope': '公开', 'apiKey': 'HCJME7ND1X3A', 'description': None, 'registerCode': '2VOGGNTU', 'avatar': None, 'qrCode': None, 'creator': {'id': 55, 'bid': 266782201937922, 'name': 'kevin'}, 'createTime': 1676623774000, 'updateTime': 1676623774000, 'state': 0, 'status': True, 'ifEdit': True, 'type': None}, {'id': 70, 'bid': 272554159833090, 'name': 'wang', 'professionId': None, 'useScope': None, 'useScopeType': 0, 'specificUseScope': '公开', 'apiKey': 'PDJJ4NQSZAMI', 'description': None, 'registerCode': '3GLMLRS0', 'avatar': None, 'qrCode': None, 'creator': {'id': 59, 'bid': 270778580926466, 'name': 'wang'}, 'createTime': 1676264751000, 'updateTime': 1676264767000, 'state': 0, 'status': True, 'ifEdit': True, 'type': None}, {'id': 69, 'bid': 270179743367170, 'name': 'CLrobot私人', 'professionId': None, 'useScope': None, 'useScopeType': 1, 'specificUseScope': 'kevin', 'apiKey': 'ZHKWEACPODBN', 'description': None, 'registerCode': 'J7JYOOYI', 'avatar': None, 'qrCode': None, 'creator': {'id': 55, 'bid': 266782201937922, 'name': 'kevin'}, 'createTime': 1675132541000, 'updateTime': 1675219622000, 'state': 0, 'status': True, 'ifEdit': True, 'type': None}, {'id': 68, 'bid': 267644378873858, 'name': 'litongzhi09', 'professionId': None, 'useScope': None, 'useScopeType': 0, 'specificUseScope': '公开', 'apiKey': '2KEXPGDGU7GL', 'description': None, 'registerCode': 'I2MNU2YR', 'avatar': None, 'qrCode': None, 'creator': {'id': 1, 'bid': 1222, 'name': '企业级管理员'}, 'createTime': 1673923585000, 'updateTime': 1674872752000, 'state': -1, 'status': False, 'ifEdit': True, 'type': None}], 'total': 61, 'size': 10, 'current': 0, 'orders': [], 'searchCount': True, 'pages': 7}, 'success': True}
[2023-02-21 18:26:23,341]-[Assert.py]-[line:15]-INFO: 断言成功----验证值为： 200, 结果为：200 
[2023-02-21 18:26:23,346]-[allure_report.py]-[line:17]-INFO: 正在生成报告中...
[2023-02-21 18:26:23,346]-[allure_report.py]-[line:19]-INFO: 生成报告的数据路径为：C:\Users\Administrator\PycharmProjects\API_auto_test\report\report_data
[2023-02-21 18:26:36,804]-[allure_report.py]-[line:21]-INFO: 生成报告html路径为：C:\Users\Administrator\PycharmProjects\API_auto_test\report\report_html
[2023-02-21 18:26:36,805]-[allure_report.py]-[line:22]-INFO: 报告生成成功！
[2023-02-21 18:30:54,842]-[readConfig.py]-[line:18]-INFO: 正在读取配置文件中...
[2023-02-21 18:30:54,845]-[readConfig.py]-[line:21]-INFO: 配置文件数据读取成功！
[2023-02-21 18:34:53,691]-[readConfig.py]-[line:18]-INFO: 正在读取配置文件中...
[2023-02-21 18:34:53,694]-[readConfig.py]-[line:21]-INFO: 配置文件数据读取成功！
[2023-02-21 18:34:53,817]-[readConfig.py]-[line:18]-INFO: 正在读取配置文件中...
[2023-02-21 18:34:53,820]-[readConfig.py]-[line:21]-INFO: 配置文件数据读取成功！
[2023-02-21 18:34:53,962]-[readConfig.py]-[line:18]-INFO: 正在读取配置文件中...
[2023-02-21 18:34:53,965]-[readConfig.py]-[line:21]-INFO: 配置文件数据读取成功！
[2023-02-21 18:34:54,040]-[readConfig.py]-[line:18]-INFO: 正在读取配置文件中...
[2023-02-21 18:34:54,042]-[readConfig.py]-[line:21]-INFO: 配置文件数据读取成功！
[2023-02-21 18:34:54,088]-[readConfig.py]-[line:18]-INFO: 正在读取配置文件中...
[2023-02-21 18:34:54,088]-[readConfig.py]-[line:25]-ERROR: 配置文件读取失败！
Traceback (most recent call last):
  File "C:\Users\Administrator\PycharmProjects\API_auto_test\common\readConfig.py", line 19, in read_config
    f = open(file=file_path, mode='r', encoding='utf-8')
FileNotFoundError: [Errno 2] No such file or directory: 'C:\\Users\\Administrator\\PycharmProjects\\API_auto_test\\test_data\\login_test_data.yaml'
[2023-02-21 18:34:54,179]-[readConfig.py]-[line:18]-INFO: 正在读取配置文件中...
[2023-02-21 18:34:54,181]-[readConfig.py]-[line:21]-INFO: 配置文件数据读取成功！
[2023-02-21 18:34:54,223]-[readConfig.py]-[line:18]-INFO: 正在读取配置文件中...
[2023-02-21 18:34:54,225]-[readConfig.py]-[line:21]-INFO: 配置文件数据读取成功！
[2023-02-21 18:34:54,225]-[readConfig.py]-[line:18]-INFO: 正在读取配置文件中...
[2023-02-21 18:34:54,228]-[readConfig.py]-[line:21]-INFO: 配置文件数据读取成功！
[2023-02-21 18:34:54,231]-[readConfig.py]-[line:18]-INFO: 正在读取配置文件中...
[2023-02-21 18:34:54,232]-[readConfig.py]-[line:21]-INFO: 配置文件数据读取成功！
[2023-02-21 18:34:54,269]-[allure_report.py]-[line:17]-INFO: 正在生成报告中...
[2023-02-21 18:34:54,269]-[allure_report.py]-[line:19]-INFO: 生成报告的数据路径为：C:\Users\Administrator\PycharmProjects\API_auto_test\report\report_data
[2023-02-21 18:37:06,058]-[readConfig.py]-[line:18]-INFO: 正在读取配置文件中...
[2023-02-21 18:37:06,061]-[readConfig.py]-[line:21]-INFO: 配置文件数据读取成功！
[2023-02-21 18:37:06,133]-[allure_report.py]-[line:17]-INFO: 正在生成报告中...
[2023-02-21 18:37:06,133]-[allure_report.py]-[line:19]-INFO: 生成报告的数据路径为：C:\Users\Administrator\PycharmProjects\API_auto_test\report\report_data
[2023-02-21 18:37:11,135]-[allure_report.py]-[line:21]-INFO: 生成报告html路径为：C:\Users\Administrator\PycharmProjects\API_auto_test\report\report_html
[2023-02-21 18:37:11,135]-[allure_report.py]-[line:22]-INFO: 报告生成成功！
[2023-02-21 18:39:14,115]-[readConfig.py]-[line:18]-INFO: 正在读取配置文件中...
[2023-02-21 18:39:14,118]-[readConfig.py]-[line:21]-INFO: 配置文件数据读取成功！
[2023-02-21 18:39:14,241]-[readConfig.py]-[line:18]-INFO: 正在读取配置文件中...
[2023-02-21 18:39:14,243]-[readConfig.py]-[line:21]-INFO: 配置文件数据读取成功！
[2023-02-21 18:39:14,387]-[readConfig.py]-[line:18]-INFO: 正在读取配置文件中...
[2023-02-21 18:39:14,390]-[readConfig.py]-[line:21]-INFO: 配置文件数据读取成功！
[2023-02-21 18:39:14,412]-[readConfig.py]-[line:18]-INFO: 正在读取配置文件中...
[2023-02-21 18:39:14,414]-[readConfig.py]-[line:21]-INFO: 配置文件数据读取成功！
[2023-02-21 18:39:14,418]-[readConfig.py]-[line:18]-INFO: 正在读取配置文件中...
[2023-02-21 18:39:14,418]-[readConfig.py]-[line:25]-ERROR: 配置文件读取失败！
Traceback (most recent call last):
  File "C:\Users\Administrator\PycharmProjects\API_auto_test\common\readConfig.py", line 19, in read_config
    f = open(file=file_path, mode='r', encoding='utf-8')
FileNotFoundError: [Errno 2] No such file or directory: 'C:\\Users\\Administrator\\PycharmProjects\\API_auto_test\\test_data\\login_test_data.yaml'
[2023-02-21 18:39:14,458]-[readConfig.py]-[line:18]-INFO: 正在读取配置文件中...
[2023-02-21 18:39:14,460]-[readConfig.py]-[line:21]-INFO: 配置文件数据读取成功！
[2023-02-21 18:39:14,464]-[readConfig.py]-[line:18]-INFO: 正在读取配置文件中...
[2023-02-21 18:39:14,466]-[readConfig.py]-[line:21]-INFO: 配置文件数据读取成功！
[2023-02-21 18:39:14,467]-[readConfig.py]-[line:18]-INFO: 正在读取配置文件中...
[2023-02-21 18:39:14,469]-[readConfig.py]-[line:21]-INFO: 配置文件数据读取成功！
[2023-02-21 18:39:14,472]-[readConfig.py]-[line:18]-INFO: 正在读取配置文件中...
[2023-02-21 18:39:14,473]-[readConfig.py]-[line:21]-INFO: 配置文件数据读取成功！
[2023-02-21 18:39:14,509]-[allure_report.py]-[line:17]-INFO: 正在生成报告中...
[2023-02-21 18:39:14,509]-[allure_report.py]-[line:19]-INFO: 生成报告的数据路径为：C:\Users\Administrator\PycharmProjects\API_auto_test\report\report_data
[2023-02-21 18:39:56,748]-[readConfig.py]-[line:18]-INFO: 正在读取配置文件中...
[2023-02-21 18:39:56,751]-[readConfig.py]-[line:21]-INFO: 配置文件数据读取成功！
[2023-02-21 18:39:56,871]-[readConfig.py]-[line:18]-INFO: 正在读取配置文件中...
[2023-02-21 18:39:56,873]-[readConfig.py]-[line:21]-INFO: 配置文件数据读取成功！
[2023-02-21 18:39:57,015]-[readConfig.py]-[line:18]-INFO: 正在读取配置文件中...
[2023-02-21 18:39:57,018]-[readConfig.py]-[line:21]-INFO: 配置文件数据读取成功！
[2023-02-21 18:39:57,040]-[readConfig.py]-[line:18]-INFO: 正在读取配置文件中...
[2023-02-21 18:39:57,042]-[readConfig.py]-[line:21]-INFO: 配置文件数据读取成功！
[2023-02-21 18:39:57,088]-[readConfig.py]-[line:18]-INFO: 正在读取配置文件中...
[2023-02-21 18:39:57,090]-[readConfig.py]-[line:21]-INFO: 配置文件数据读取成功！
[2023-02-21 18:39:57,094]-[readConfig.py]-[line:18]-INFO: 正在读取配置文件中...
[2023-02-21 18:39:57,096]-[readConfig.py]-[line:21]-INFO: 配置文件数据读取成功！
[2023-02-21 18:39:57,096]-[readConfig.py]-[line:18]-INFO: 正在读取配置文件中...
[2023-02-21 18:39:57,099]-[readConfig.py]-[line:21]-INFO: 配置文件数据读取成功！
[2023-02-21 18:39:57,102]-[readConfig.py]-[line:18]-INFO: 正在读取配置文件中...
[2023-02-21 18:39:57,104]-[readConfig.py]-[line:21]-INFO: 配置文件数据读取成功！
[2023-02-21 18:39:57,107]-[test_login.py]-[line:37]-INFO: 开始测试：test_right_account
[2023-02-21 18:39:59,485]-[Request.py]-[line:20]-INFO: GET请求接口：https://mrpa-test.ai-rtc.com:8082/plat/api/sys/getImageCode?userName=cladmin 成功!
[2023-02-21 18:39:59,487]-[test_login.py]-[line:45]-INFO: 验证图保存成功！
[2023-02-21 18:39:59,492]-[test_login.py]-[line:47]-INFO: 获取拖图坐标成功
[2023-02-21 18:39:59,819]-[Request.py]-[line:35]-INFO: POST请求接口：https://mrpa-test.ai-rtc.com:8082/plat/api/sys/login 成功!
[2023-02-21 18:39:59,819]-[Request.py]-[line:40]-INFO: POST请求参数为：{'movePosX': 128, 'username': 'cladmin', 'password': 'fefd0cbad5de5ca3eddad355835b8312'}
[2023-02-21 18:39:59,820]-[Request.py]-[line:43]-INFO: POST接口返回数据为:{'code': 200, 'message': 'success', 'data': {'id': None, 'bid': 266782201937922, 'enterpriseId': 1142, 'enterpriseName': None, 'username': 'cladmin', 'realname': 'kevin', 'password': 'ea4862fb73129c92a3d2f4203c4b2a5e', 'salt': None, 'sex': None, 'departId': '1192', 'roleId': '1183', 'email': '', 'sysRole': {'id': 1, 'bid': 1183, 'enterpriseId': 1142, 'roleName': '企业管理员', 'roleCode': 'JS10001', 'dataScope': 2, 'description': '系统生成', 'status': 0, 'remarks': None, 'childPermissionIdList': None, 'childPermissionList': None, 'childPermissionsList': None, 'createId': '1222', 'createTime': 1655694102000, 'updateId': '1222', 'updateTime': 1655694101000, 'sortNum': 0, 'state': 1}, 'sysDepartQueryModel': {'bid': 1192, 'parentId': '1142', 'departName': '智能rpa部门', 'childrenPersonalVo': None}, 'sysRoleQueryModel': None, 'phone': '', 'officePhone': '', 'state': 1, 'status': 0, 'delFlag': None, 'createId': '1222', 'createTime': 1675132178000, 'updateId': '1222', 'updateTime': 1675132178000, 'remark': None, 'wrongTimes': 0, 'loginTime': 1676975141000, 'expiredTime': 5932200}, 'success': True}
[2023-02-21 18:39:59,820]-[Assert.py]-[line:15]-INFO: 断言成功----验证值为： 200, 结果为：200 
[2023-02-21 18:39:59,824]-[test_login.py]-[line:57]-INFO: 开始测试：test_wrong_account
[2023-02-21 18:40:01,458]-[Request.py]-[line:20]-INFO: GET请求接口：https://mrpa-test.ai-rtc.com:8082/plat/api/sys/getImageCode?userName=cladmin 成功!
[2023-02-21 18:40:01,460]-[test_login.py]-[line:65]-INFO: 验证图保存成功！
[2023-02-21 18:40:01,464]-[test_login.py]-[line:67]-INFO: 获取拖图坐标成功
[2023-02-21 18:40:01,709]-[Request.py]-[line:35]-INFO: POST请求接口：https://mrpa-test.ai-rtc.com:8082/plat/api/sys/login 成功!
[2023-02-21 18:40:01,709]-[Request.py]-[line:40]-INFO: POST请求参数为：{'movePosX': 162, 'username': 'cladmin', 'password': '123423534'}
[2023-02-21 18:40:01,709]-[Request.py]-[line:43]-INFO: POST接口返回数据为:{'code': 500, 'message': '用户名或密码错误', 'data': None, 'success': False}
[2023-02-21 18:40:01,710]-[Assert.py]-[line:15]-INFO: 断言成功----验证值为： 用户名或密码错误, 结果为：用户名或密码错误 
[2023-02-21 18:40:01,714]-[test_login.py]-[line:77]-INFO: 开始测试：test_wrong_slide
[2023-02-21 18:40:02,411]-[Request.py]-[line:20]-INFO: GET请求接口：https://mrpa-test.ai-rtc.com:8082/plat/api/sys/getImageCode?userName=cladmin 成功!
[2023-02-21 18:40:02,411]-[test_login.py]-[line:80]-INFO: 请求slide picture 成功！
[2023-02-21 18:40:02,631]-[Request.py]-[line:35]-INFO: POST请求接口：https://mrpa-test.ai-rtc.com:8082/plat/api/sys/login 成功!
[2023-02-21 18:40:02,631]-[Request.py]-[line:40]-INFO: POST请求参数为：{'movePosX': 167, 'username': 'cladmin', 'password': '123423534'}
[2023-02-21 18:40:02,631]-[Request.py]-[line:43]-INFO: POST接口返回数据为:{'code': 500, 'message': '验证不通过', 'data': None, 'success': False}
[2023-02-21 18:40:02,632]-[Assert.py]-[line:15]-INFO: 断言成功----验证值为： 验证不通过, 结果为：验证不通过 
[2023-02-21 18:40:02,637]-[test_login.py]-[line:88]-INFO: 开始测试：test_miss_slide_params
[2023-02-21 18:40:02,836]-[Request.py]-[line:35]-INFO: POST请求接口：https://mrpa-test.ai-rtc.com:8082/plat/api/sys/login 成功!
[2023-02-21 18:40:02,836]-[Request.py]-[line:40]-INFO: POST请求参数为：{'movePosX': 167, 'username': 'cladmin', 'password': '123423534'}
[2023-02-21 18:40:02,836]-[Request.py]-[line:43]-INFO: POST接口返回数据为:{'code': 500, 'message': '滑块移动距离参数缺失', 'data': None, 'success': False}
[2023-02-21 18:40:02,837]-[Assert.py]-[line:15]-INFO: 断言成功----验证值为： 滑块移动距离参数缺失, 结果为：滑块移动距离参数缺失 
[2023-02-21 18:40:03,570]-[Request.py]-[line:20]-INFO: GET请求接口：https://mrpa-test.ai-rtc.com:8082/plat/api/sys/getImageCode?userName=cladmin 成功!
[2023-02-21 18:40:03,810]-[Request.py]-[line:35]-INFO: POST请求接口：https://mrpa-test.ai-rtc.com:8082/plat/api/sys/login 成功!
[2023-02-21 18:40:03,810]-[Request.py]-[line:40]-INFO: POST请求参数为：{'movePosX': 89, 'username': 'cladmin', 'password': 'fefd0cbad5de5ca3eddad355835b8312'}
[2023-02-21 18:40:03,810]-[Request.py]-[line:43]-INFO: POST接口返回数据为:{'code': 200, 'message': 'success', 'data': {'id': None, 'bid': 266782201937922, 'enterpriseId': 1142, 'enterpriseName': None, 'username': 'cladmin', 'realname': 'kevin', 'password': 'ea4862fb73129c92a3d2f4203c4b2a5e', 'salt': None, 'sex': None, 'departId': '1192', 'roleId': '1183', 'email': '', 'sysRole': {'id': 1, 'bid': 1183, 'enterpriseId': 1142, 'roleName': '企业管理员', 'roleCode': 'JS10001', 'dataScope': 2, 'description': '系统生成', 'status': 0, 'remarks': None, 'childPermissionIdList': None, 'childPermissionList': None, 'childPermissionsList': None, 'createId': '1222', 'createTime': 1655694102000, 'updateId': '1222', 'updateTime': 1655694101000, 'sortNum': 0, 'state': 1}, 'sysDepartQueryModel': {'bid': 1192, 'parentId': '1142', 'departName': '智能rpa部门', 'childrenPersonalVo': None}, 'sysRoleQueryModel': None, 'phone': '', 'officePhone': '', 'state': 1, 'status': 0, 'delFlag': None, 'createId': '1222', 'createTime': 1675132178000, 'updateId': '1222', 'updateTime': 1675132178000, 'remark': None, 'wrongTimes': 1, 'loginTime': 1676975960000, 'expiredTime': 5932200}, 'success': True}
[2023-02-21 18:40:03,811]-[conftest.py]-[line:66]-INFO: 获取Cookie成功！
[2023-02-21 18:40:03,811]-[test_robot_create.py]-[line:37]-INFO: 

[2023-02-21 18:40:03,812]-[test_robot_create.py]-[line:38]-WARNING: 开始测试：test_create_robot_public
[2023-02-21 18:40:03,812]-[test_robot_create.py]-[line:39]-INFO: https://mrpa-test.ai-rtc.com:8082/plat/api/robot/saveOrUpdate
[2023-02-21 18:40:04,062]-[Request.py]-[line:35]-INFO: POST请求接口：https://mrpa-test.ai-rtc.com:8082/plat/api/robot/saveOrUpdate 成功!
[2023-02-21 18:40:04,062]-[Request.py]-[line:40]-INFO: POST请求参数为：{'name': 'auto_test9399', 'professionId': '4', 'list': [], 'useScopeType': 0, 'description': '', 'fileInfoId': ''}
[2023-02-21 18:40:04,062]-[Request.py]-[line:43]-INFO: POST接口返回数据为:{'code': 200, 'message': 'success', 'data': '新增成功', 'success': True}
[2023-02-21 18:40:04,062]-[Assert.py]-[line:15]-INFO: 断言成功----验证值为： 200, 结果为：200 
[2023-02-21 18:40:04,891]-[Request.py]-[line:20]-INFO: GET请求接口：https://mrpa-test.ai-rtc.com:8082/plat/api/sys/getImageCode?userName=cladmin 成功!
[2023-02-21 18:40:05,184]-[Request.py]-[line:35]-INFO: POST请求接口：https://mrpa-test.ai-rtc.com:8082/plat/api/sys/login 成功!
[2023-02-21 18:40:05,184]-[Request.py]-[line:40]-INFO: POST请求参数为：{'movePosX': 148, 'username': 'cladmin', 'password': 'fefd0cbad5de5ca3eddad355835b8312'}
[2023-02-21 18:40:05,184]-[Request.py]-[line:43]-INFO: POST接口返回数据为:{'code': 500, 'message': '验证不通过', 'data': None, 'success': False}
[2023-02-21 18:40:06,275]-[Request.py]-[line:20]-INFO: GET请求接口：https://mrpa-test.ai-rtc.com:8082/plat/api/sys/getImageCode?userName=cladmin 成功!
[2023-02-21 18:40:06,751]-[Request.py]-[line:35]-INFO: POST请求接口：https://mrpa-test.ai-rtc.com:8082/plat/api/sys/login 成功!
[2023-02-21 18:40:06,752]-[Request.py]-[line:40]-INFO: POST请求参数为：{'movePosX': 162, 'username': 'cladmin', 'password': 'fefd0cbad5de5ca3eddad355835b8312'}
[2023-02-21 18:40:06,752]-[Request.py]-[line:43]-INFO: POST接口返回数据为:{'code': 200, 'message': 'success', 'data': {'id': None, 'bid': 266782201937922, 'enterpriseId': 1142, 'enterpriseName': None, 'username': 'cladmin', 'realname': 'kevin', 'password': 'ea4862fb73129c92a3d2f4203c4b2a5e', 'salt': None, 'sex': None, 'departId': '1192', 'roleId': '1183', 'email': '', 'sysRole': {'id': 1, 'bid': 1183, 'enterpriseId': 1142, 'roleName': '企业管理员', 'roleCode': 'JS10001', 'dataScope': 2, 'description': '系统生成', 'status': 0, 'remarks': None, 'childPermissionIdList': None, 'childPermissionList': None, 'childPermissionsList': None, 'createId': '1222', 'createTime': 1655694102000, 'updateId': '1222', 'updateTime': 1655694101000, 'sortNum': 0, 'state': 1}, 'sysDepartQueryModel': {'bid': 1192, 'parentId': '1142', 'departName': '智能rpa部门', 'childrenPersonalVo': None}, 'sysRoleQueryModel': None, 'phone': '', 'officePhone': '', 'state': 1, 'status': 0, 'delFlag': None, 'createId': '1222', 'createTime': 1675132178000, 'updateId': '1222', 'updateTime': 1675132178000, 'remark': None, 'wrongTimes': 0, 'loginTime': 1676975962000, 'expiredTime': 5932200}, 'success': True}
[2023-02-21 18:40:06,752]-[conftest.py]-[line:66]-INFO: 获取Cookie成功！
[2023-02-21 18:40:06,753]-[test_robot_create.py]-[line:47]-INFO: 

[2023-02-21 18:40:06,753]-[test_robot_create.py]-[line:48]-WARNING: 开始测试：test_create_robot_user
[2023-02-21 18:40:06,753]-[test_robot_create.py]-[line:49]-INFO: https://mrpa-test.ai-rtc.com:8082/plat/api/robot/saveOrUpdate
[2023-02-21 18:40:07,150]-[Request.py]-[line:35]-INFO: POST请求接口：https://mrpa-test.ai-rtc.com:8082/plat/api/sys/depart/queryPersonalAndDepartAllList 成功!
[2023-02-21 18:40:07,151]-[Request.py]-[line:43]-INFO: POST接口返回数据为:{'code': 200, 'message': 'success', 'data': {'bid': 1192, 'parentId': '1142', 'departName': '智能rpa部门', 'childrenList': [{'bid': 241843426099203, 'parentId': '1192', 'departName': '测试部', 'childrenList': [{'bid': 247230124589058, 'parentId': '241843426099203', 'departName': '测试一部', 'childrenList': [{'bid': 247160083906562, 'userName': 'bin.yin', 'realName': '尹斌', 'departId': 247230124589058}, {'bid': 247230445453315, 'userName': 'y121', 'realName': '员工121', 'departId': 247230124589058}, {'bid': 247339893719043, 'userName': 'y122', 'realName': '员工122', 'departId': 247230124589058}, {'bid': 247339893719045, 'userName': 'y123', 'realName': '员工123', 'departId': 247230124589058}, {'bid': 247339893719047, 'userName': 'y124', 'realName': '员工124', 'departId': 247230124589058}, {'bid': 247339893719049, 'userName': 'y125', 'realName': '员工125', 'departId': 247230124589058}, {'bid': 247339895816193, 'userName': 'y126', 'realName': '员工126', 'departId': 247230124589058}, {'bid': 247339895816195, 'userName': 'y127', 'realName': '员工127', 'departId': 247230124589058}, {'bid': 247339895816197, 'userName': 'y128', 'realName': '员工128', 'departId': 247230124589058}, {'bid': 247339895816199, 'userName': 'y129', 'realName': '员工129', 'departId': 247230124589058}, {'bid': 247339895816201, 'userName': 'y130', 'realName': '员工130', 'departId': 247230124589058}, {'bid': 253542052986881, 'userName': 'sec-test', 'realName': 'sec-test', 'departId': 247230124589058}, {'bid': 264061535191042, 'userName': 'biaodan1', 'realName': '表单', 'departId': 247230124589058}, {'bid': 264228892114946, 'userName': 'limingliang', 'realName': '李明', 'departId': 247230124589058}, {'bid': 264229414305794, 'userName': 'li0001', 'realName': '验收001', 'departId': 247230124589058}, {'bid': 264229519163394, 'userName': 'li0002', 'realName': '验收0002', 'departId': 247230124589058}, {'bid': 264229628215298, 'userName': 'li0003', 'realName': '验收0003', 'departId': 247230124589058}, {'bid': 265856693108738, 'userName': 'jineng01', 'realName': '验证技能问题', 'departId': 247230124589058}, {'bid': 266599831502850, 'userName': 'gengnana', 'realName': 'nananana', 'departId': 247230124589058}, {'bid': 267648327811074, 'userName': 'tong03', 'realName': '通知验收01', 'departId': 247230124589058}, {'bid': 269990301335554, 'userName': 'zKj382780770', 'realName': 'zj0001', 'departId': 247230124589058}, {'bid': 271475730874370, 'userName': 'w020701', 'realName': 'w020701', 'departId': 247230124589058}, {'bid': 272949229715458, 'userName': 'wx_007', 'realName': '伍旭', 'departId': 247230124589058}]}, {'bid': 242505566191618, 'userName': 'tangkun', 'realName': 'tangkun', 'departId': 241843426099203}, {'bid': 242534227968002, 'userName': 'www1', 'realName': 'www1', 'departId': 241843426099203}, {'bid': 242694800605186, 'userName': 'fenyea', 'realName': '一二四', 'departId': 241843426099203}, {'bid': 242695427653634, 'userName': 'febyeb', 'realName': '111', 'departId': 241843426099203}, {'bid': 242695465402370, 'userName': 'fenyec', 'realName': '111', 'departId': 241843426099203}, {'bid': 242695591231490, 'userName': 'fenyed', 'realName': '111', 'departId': 241843426099203}, {'bid': 243215626207234, 'userName': 'ztest', 'realName': 'ztest', 'departId': 241843426099203}, {'bid': 247783080656898, 'userName': 'y000', 'realName': '部门管理零', 'departId': 241843426099203}, {'bid': 263866198065154, 'userName': '企业级数据', 'realName': 'qiye', 'departId': 241843426099203}, {'bid': 272543500009474, 'userName': 'ws_web', 'realName': 'ws_web', 'departId': 241843426099203}]}, {'bid': 211699386875907, 'parentId': '1192', 'departName': '资源市场-注册用户', 'childrenList': [{'bid': 267872395919362, 'userName': 'sunone999', 'realName': 'sunone', 'departId': 211699386875907}]}, {'bid': 211699405750275, 'parentId': '1192', 'departName': '运营中心', 'childrenList': [{'bid': 241843847626754, 'userName': 'test', 'realName': '部门', 'departId': 211699405750275}, {'bid': 241982341447682, 'userName': 'xinjian', 'realName': '新员工', 'departId': 211699405750275}, {'bid': 242353338122242, 'userName': 'yuangong', 'realName': '员工', 'departId': 211699405750275}, {'bid': 242632294989826, 'userName': 'w_yuangong', 'realName': 'w_yuangong', 'departId': 211699405750275}, {'bid': 259522497150978, 'userName': 'w666', 'realName': 'w666', 'departId': 211699405750275}]}, {'bid': 260058887815171, 'parentId': '1192', 'departName': '销售部', 'childrenList': [{'bid': 260058929758211, 'parentId': '260058887815171', 'departName': '售前', 'childrenList': [{'bid': 260059976237058, 'userName': 'tang01', 'realName': 'tang01', 'departId': 260058929758211}, {'bid': 263871319310338, 'userName': '员工级数据', 'realName': 'yuangong', 'departId': 260058929758211}]}, {'bid': 260058969604099, 'parentId': '260058887815171', 'departName': '售后', 'childrenList': [{'bid': 260213202550786, 'userName': 'tang02', 'realName': 'tang02', 'departId': 260058969604099}, {'bid': 264061667311618, 'userName': 'biaodan2', 'realName': 'adada', 'departId': 260058969604099}]}, {'bid': 263871235424258, 'userName': '部门级数据', 'realName': 'bumen', 'departId': 260058887815171}, {'bid': 264019415990274, 'userName': 'yuan1', 'realName': 'yuan1', 'departId': 260058887815171}, {'bid': 264076057968642, 'userName': 'yuan2', 'realName': 'yuan2', 'departId': 260058887815171}, {'bid': 264076137660418, 'userName': 'yuan3', 'realName': 'yuan3', 'departId': 260058887815171}]}, {'bid': 1222, 'userName': 'admin', 'realName': '企业级管理员', 'departId': 1192}, {'bid': 244984081088514, 'userName': 'wangsheng01', 'realName': 'wangsheng', 'departId': 1192}, {'bid': 245360689741826, 'userName': 'wyy01', 'realName': 'wyy01', 'departId': 1192}, {'bid': 247568753819650, 'userName': 'husile', 'realName': 'husile', 'departId': 1192}, {'bid': 249936350347266, 'userName': '0', 'realName': '11', 'departId': 1192}, {'bid': 250246760300546, 'userName': '111111', 'realName': '座机', 'departId': 1192}, {'bid': 251547843887106, 'userName': 'huhu', 'realName': 'huhu', 'departId': 1192}, {'bid': 251550712791041, 'userName': 'huhu1', 'realName': 'huhu1', 'departId': 1192}, {'bid': 252659292504065, 'userName': 'husile1', 'realName': 'husile1', 'departId': 1192}, {'bid': 253553685889025, 'userName': 'weakpwd', 'realName': 'weakpwd', 'departId': 1192}, {'bid': 254094134542338, 'userName': 'weakpwd2', 'realName': 'weakpwd2', 'departId': 1192}, {'bid': 266599986692098, 'userName': 'liy1234', 'realName': 'liyu', 'departId': 1192}, {'bid': 266782201937922, 'userName': 'cladmin', 'realName': 'kevin', 'departId': 1192}, {'bid': 270778580926466, 'userName': 'wang', 'realName': 'wang', 'departId': 1192}]}, 'success': True}
[2023-02-21 18:40:07,491]-[Request.py]-[line:35]-INFO: POST请求接口：https://mrpa-test.ai-rtc.com:8082/plat/api/robot/saveOrUpdate 成功!
[2023-02-21 18:40:07,492]-[Request.py]-[line:40]-INFO: POST请求参数为：{'name': 'auto_test9399', 'professionId': '4', 'list': [{'scopeId': 266782201937922}], 'useScopeType': 1, 'description': '', 'fileInfoId': ''}
[2023-02-21 18:40:07,492]-[Request.py]-[line:43]-INFO: POST接口返回数据为:{'code': 105, 'message': '机器人名称不能重复', 'data': None, 'success': False}
[2023-02-21 18:40:07,492]-[Assert.py]-[line:17]-ERROR: 断言失败----验证值为： 105, 结果为：200 
Traceback (most recent call last):
  File "C:\Users\Administrator\PycharmProjects\API_auto_test\common\Assert.py", line 14, in assert_equal
    assert value_1 == value_2
AssertionError
[2023-02-21 18:40:08,461]-[Request.py]-[line:20]-INFO: GET请求接口：https://mrpa-test.ai-rtc.com:8082/plat/api/sys/getImageCode?userName=cladmin 成功!
[2023-02-21 18:40:08,689]-[Request.py]-[line:35]-INFO: POST请求接口：https://mrpa-test.ai-rtc.com:8082/plat/api/sys/login 成功!
[2023-02-21 18:40:08,690]-[Request.py]-[line:40]-INFO: POST请求参数为：{'movePosX': 100, 'username': 'cladmin', 'password': 'fefd0cbad5de5ca3eddad355835b8312'}
[2023-02-21 18:40:08,690]-[Request.py]-[line:43]-INFO: POST接口返回数据为:{'code': 500, 'message': '验证不通过', 'data': None, 'success': False}
[2023-02-21 18:40:09,454]-[Request.py]-[line:20]-INFO: GET请求接口：https://mrpa-test.ai-rtc.com:8082/plat/api/sys/getImageCode?userName=cladmin 成功!
[2023-02-21 18:40:09,719]-[Request.py]-[line:35]-INFO: POST请求接口：https://mrpa-test.ai-rtc.com:8082/plat/api/sys/login 成功!
[2023-02-21 18:40:09,719]-[Request.py]-[line:40]-INFO: POST请求参数为：{'movePosX': 86, 'username': 'cladmin', 'password': 'fefd0cbad5de5ca3eddad355835b8312'}
[2023-02-21 18:40:09,719]-[Request.py]-[line:43]-INFO: POST接口返回数据为:{'code': 200, 'message': 'success', 'data': {'id': None, 'bid': 266782201937922, 'enterpriseId': 1142, 'enterpriseName': None, 'username': 'cladmin', 'realname': 'kevin', 'password': 'ea4862fb73129c92a3d2f4203c4b2a5e', 'salt': None, 'sex': None, 'departId': '1192', 'roleId': '1183', 'email': '', 'sysRole': {'id': 1, 'bid': 1183, 'enterpriseId': 1142, 'roleName': '企业管理员', 'roleCode': 'JS10001', 'dataScope': 2, 'description': '系统生成', 'status': 0, 'remarks': None, 'childPermissionIdList': None, 'childPermissionList': None, 'childPermissionsList': None, 'createId': '1222', 'createTime': 1655694102000, 'updateId': '1222', 'updateTime': 1655694101000, 'sortNum': 0, 'state': 1}, 'sysDepartQueryModel': {'bid': 1192, 'parentId': '1142', 'departName': '智能rpa部门', 'childrenPersonalVo': None}, 'sysRoleQueryModel': None, 'phone': '', 'officePhone': '', 'state': 1, 'status': 0, 'delFlag': None, 'createId': '1222', 'createTime': 1675132178000, 'updateId': '1222', 'updateTime': 1675132178000, 'remark': None, 'wrongTimes': 0, 'loginTime': 1676975965000, 'expiredTime': 5932200}, 'success': True}
[2023-02-21 18:40:09,720]-[conftest.py]-[line:66]-INFO: 获取Cookie成功！
[2023-02-21 18:40:09,720]-[test_robot_create.py]-[line:66]-INFO: 

[2023-02-21 18:40:09,720]-[test_robot_create.py]-[line:67]-WARNING: 开始测试：test_create_robot_organization
[2023-02-21 18:40:09,720]-[test_robot_create.py]-[line:68]-INFO: https://mrpa-test.ai-rtc.com:8082/plat/api/robot/saveOrUpdate
[2023-02-21 18:40:09,995]-[Request.py]-[line:35]-INFO: POST请求接口：https://mrpa-test.ai-rtc.com:8082/plat/api/sys/depart/queryDepartListByLoginUserId 成功!
[2023-02-21 18:40:09,995]-[Request.py]-[line:43]-INFO: POST接口返回数据为:{'code': 200, 'message': 'success', 'data': {'sysDepart': {'id': 1, 'bid': 1192, 'enterpriseId': 1142, 'parentId': '1142', 'departName': '智能rpa部门', 'departNameEn': '', 'departNameAbbr': '', 'orgCode': '', 'orgType': '0', 'childDepartList': [{'id': 4, 'bid': 241843426099203, 'enterpriseId': 1142, 'parentId': '1192', 'departName': '测试部', 'departNameEn': '', 'departNameAbbr': '', 'orgCode': '', 'orgType': '1', 'childDepartList': [{'id': 9, 'bid': 247230124589058, 'enterpriseId': 1142, 'parentId': '241843426099203', 'departName': '测试一部', 'departNameEn': '', 'departNameAbbr': '', 'orgCode': '', 'orgType': '2', 'childDepartList': [], 'mobile': None, 'fax': None, 'address': None, 'reMarks': None, 'priority': 2, 'status': 0, 'createId': '1222', 'createTime': 1664189310000, 'updateId': '1222', 'updateTime': 1664189310000}], 'mobile': None, 'fax': None, 'address': None, 'reMarks': None, 'priority': 1, 'status': 0, 'createId': '1222', 'createTime': 1661620732000, 'updateId': '1222', 'updateTime': 1661620732000}, {'id': 2, 'bid': 211699386875907, 'enterpriseId': 1142, 'parentId': '1192', 'departName': '资源市场-注册用户', 'departNameEn': '', 'departNameAbbr': '', 'orgCode': '', 'orgType': '1', 'childDepartList': [], 'mobile': None, 'fax': None, 'address': None, 'reMarks': None, 'priority': 2, 'status': 0, 'createId': '1222', 'createTime': 1647246934000, 'updateId': '1222', 'updateTime': 1647246934000}, {'id': 3, 'bid': 211699405750275, 'enterpriseId': 1142, 'parentId': '1192', 'departName': '运营中心', 'departNameEn': '', 'departNameAbbr': '', 'orgCode': '', 'orgType': '1', 'childDepartList': [], 'mobile': None, 'fax': None, 'address': None, 'reMarks': None, 'priority': 3, 'status': 0, 'createId': '1222', 'createTime': 1647246943000, 'updateId': '1222', 'updateTime': 1647246943000}, {'id': 15, 'bid': 260058887815171, 'enterpriseId': 1142, 'parentId': '1192', 'departName': '销售部', 'departNameEn': '', 'departNameAbbr': '', 'orgCode': '', 'orgType': '1', 'childDepartList': [{'id': 16, 'bid': 260058929758211, 'enterpriseId': 1142, 'parentId': '260058887815171', 'departName': '售前', 'departNameEn': '', 'departNameAbbr': '', 'orgCode': '', 'orgType': '2', 'childDepartList': [], 'mobile': None, 'fax': None, 'address': None, 'reMarks': None, 'priority': 1, 'status': 0, 'createId': '1222', 'createTime': 1670306561000, 'updateId': '1222', 'updateTime': 1670306561000}, {'id': 17, 'bid': 260058969604099, 'enterpriseId': 1142, 'parentId': '260058887815171', 'departName': '售后', 'departNameEn': '', 'departNameAbbr': '', 'orgCode': '', 'orgType': '2', 'childDepartList': [], 'mobile': None, 'fax': None, 'address': None, 'reMarks': None, 'priority': 2, 'status': 0, 'createId': '1222', 'createTime': 1670306580000, 'updateId': '1222', 'updateTime': 1670306580000}], 'mobile': None, 'fax': None, 'address': None, 'reMarks': None, 'priority': 10, 'status': 0, 'createId': '1222', 'createTime': 1670306541000, 'updateId': '1222', 'updateTime': 1670306541000}], 'mobile': None, 'fax': None, 'address': None, 'reMarks': None, 'priority': 1, 'status': 0, 'createId': None, 'createTime': 1592810690000, 'updateId': None, 'updateTime': 1592810690000}}, 'success': True}
[2023-02-21 18:40:10,235]-[Request.py]-[line:35]-INFO: POST请求接口：https://mrpa-test.ai-rtc.com:8082/plat/api/robot/saveOrUpdate 成功!
[2023-02-21 18:40:10,235]-[Request.py]-[line:40]-INFO: POST请求参数为：{'name': 'auto_test9399', 'professionId': '4', 'list': [{'scopeId': 266782201937922}, {'scopeId': 241843426099203}], 'useScopeType': 2, 'description': '', 'fileInfoId': ''}
[2023-02-21 18:40:10,236]-[Request.py]-[line:43]-INFO: POST接口返回数据为:{'code': 105, 'message': '机器人名称不能重复', 'data': None, 'success': False}
[2023-02-21 18:40:10,236]-[Assert.py]-[line:17]-ERROR: 断言失败----验证值为： 105, 结果为：200 
Traceback (most recent call last):
  File "C:\Users\Administrator\PycharmProjects\API_auto_test\common\Assert.py", line 14, in assert_equal
    assert value_1 == value_2
AssertionError
[2023-02-21 18:40:11,030]-[Request.py]-[line:20]-INFO: GET请求接口：https://mrpa-test.ai-rtc.com:8082/plat/api/sys/getImageCode?userName=cladmin 成功!
[2023-02-21 18:40:11,284]-[Request.py]-[line:35]-INFO: POST请求接口：https://mrpa-test.ai-rtc.com:8082/plat/api/sys/login 成功!
[2023-02-21 18:40:11,285]-[Request.py]-[line:40]-INFO: POST请求参数为：{'movePosX': 90, 'username': 'cladmin', 'password': 'fefd0cbad5de5ca3eddad355835b8312'}
[2023-02-21 18:40:11,285]-[Request.py]-[line:43]-INFO: POST接口返回数据为:{'code': 200, 'message': 'success', 'data': {'id': None, 'bid': 266782201937922, 'enterpriseId': 1142, 'enterpriseName': None, 'username': 'cladmin', 'realname': 'kevin', 'password': 'ea4862fb73129c92a3d2f4203c4b2a5e', 'salt': None, 'sex': None, 'departId': '1192', 'roleId': '1183', 'email': '', 'sysRole': {'id': 1, 'bid': 1183, 'enterpriseId': 1142, 'roleName': '企业管理员', 'roleCode': 'JS10001', 'dataScope': 2, 'description': '系统生成', 'status': 0, 'remarks': None, 'childPermissionIdList': None, 'childPermissionList': None, 'childPermissionsList': None, 'createId': '1222', 'createTime': 1655694102000, 'updateId': '1222', 'updateTime': 1655694101000, 'sortNum': 0, 'state': 1}, 'sysDepartQueryModel': {'bid': 1192, 'parentId': '1142', 'departName': '智能rpa部门', 'childrenPersonalVo': None}, 'sysRoleQueryModel': None, 'phone': '', 'officePhone': '', 'state': 1, 'status': 0, 'delFlag': None, 'createId': '1222', 'createTime': 1675132178000, 'updateId': '1222', 'updateTime': 1675132178000, 'remark': None, 'wrongTimes': 0, 'loginTime': 1676975968000, 'expiredTime': 5932200}, 'success': True}
[2023-02-21 18:40:11,285]-[conftest.py]-[line:66]-INFO: 获取Cookie成功！
[2023-02-21 18:40:11,286]-[test_robot_device_list.py]-[line:41]-INFO: 

[2023-02-21 18:40:11,286]-[test_robot_device_list.py]-[line:42]-WARNING: 开始测试：test_query_data
[2023-02-21 18:40:11,544]-[Request.py]-[line:35]-INFO: POST请求接口：https://mrpa-test.ai-rtc.com:8082/plat/api/robot/device/list 成功!
[2023-02-21 18:40:11,545]-[Request.py]-[line:42]-INFO: POST请求参数为：{'size': 10, 'current': 1, 'name': '', 'robotName': '', 'state': None}
[2023-02-21 18:40:11,545]-[Request.py]-[line:43]-INFO: POST接口返回数据为:{'code': 200, 'message': 'success', 'data': {'records': [{'id': 1, 'bid': 241826816655361, 'name': 'auto_test_name7509', 'deviceId': '6fea929f77fc000c09009de595151e65deb87d34e0b591111d5195f9fb046b70', 'description': None, 'state': -1, 'bingState': 0, 'status': False, 'createTime': 1661612812000, 'updateTime': 1676974199000, 'robotRegisterCode': None, 'token': None, 'robot': None, 'creator': {'id': 1, 'bid': 1222, 'name': '企业级管理员'}, 'deviceType': -1, 'currentUser': None, 'hostName': 'DESKTOP-ASP2OKI/Wang Jian', 'enterpriseId': 1142, 'loginDate': 1661627863000}, {'id': 2, 'bid': 241848044027905, 'name': '路明/1625', 'deviceId': 'c932a39bc9aabfb69dddd950ce969e5885592930b2d47bc492ab6b21a5c4ca49', 'description': None, 'state': 0, 'bingState': 0, 'status': True, 'createTime': 1661622934000, 'updateTime': 1664362591000, 'robotRegisterCode': None, 'token': None, 'robot': None, 'creator': {'id': 1, 'bid': 1222, 'name': '企业级管理员'}, 'deviceType': -1, 'currentUser': None, 'hostName': '路明/1625', 'enterpriseId': 1142, 'loginDate': 1664362379000}, {'id': 3, 'bid': 241858108260353, 'name': '路明/1625', 'deviceId': '6d5916c67031ccf775afef79efbebb2f428ed4ec5473ae240cf564e7bd386367', 'description': None, 'state': 0, 'bingState': 0, 'status': True, 'createTime': 1661627733000, 'updateTime': 1676374187000, 'robotRegisterCode': None, 'token': None, 'robot': None, 'creator': {'id': 55, 'bid': 266782201937922, 'name': 'kevin'}, 'deviceType': -1, 'currentUser': {'id': 55, 'bid': 266782201937922, 'name': 'kevin'}, 'hostName': 'chenlei个人台式机/Administrator', 'enterpriseId': 1142, 'loginDate': 1676369474000}, {'id': 4, 'bid': 241912915230721, 'name': 'DESKTOP-ASP2OKI/Wang Jian', 'deviceId': 'd729598422c0bb414e469fed0b709f0327d6a4081b740c5af1dda1e157235b23', 'description': None, 'state': 0, 'bingState': 0, 'status': True, 'createTime': 1661653867000, 'updateTime': 1665738858000, 'robotRegisterCode': None, 'token': None, 'robot': None, 'creator': {'id': 1, 'bid': 1222, 'name': '企业级管理员'}, 'deviceType': -1, 'currentUser': None, 'hostName': 'DESKTOP-ASP2OKI/Wang Jian', 'enterpriseId': 1142, 'loginDate': 1665738352000}, {'id': 5, 'bid': 241921844903937, 'name': 'DESKTOP-JVDC22J/wangjian', 'deviceId': '99cc76a21e2bf4ade9e5b131d6be051060cc8c835853cf831b1033098b24c2e7', 'description': None, 'state': 0, 'bingState': 0, 'status': True, 'createTime': 1661658125000, 'updateTime': 1664264122000, 'robotRegisterCode': None, 'token': None, 'robot': None, 'creator': {'id': 2, 'bid': 241843847626754, 'name': '部门'}, 'deviceType': -1, 'currentUser': None, 'hostName': 'DESKTOP-JVDC22J/wangjian', 'enterpriseId': 1142, 'loginDate': 1664264121000}, {'id': 6, 'bid': 242501650808833, 'name': 'WT-20200726RMXE/Administrator', 'deviceId': 'b1f3455e5c385059177c8daf94beff654a55ea7b8cb8827938576e79d51a7192', 'description': None, 'state': 0, 'bingState': 0, 'status': True, 'createTime': 1661934598000, 'updateTime': 1664351640000, 'robotRegisterCode': None, 'token': None, 'robot': None, 'creator': {'id': 2, 'bid': 241843847626754, 'name': '部门'}, 'deviceType': -1, 'currentUser': None, 'hostName': 'WT-20200726RMXE/Administrator', 'enterpriseId': 1142, 'loginDate': 1664351561000}, {'id': 7, 'bid': 242507512348673, 'name': 'Caden/Caden2', 'deviceId': 'f211ecbb0e9ab00e87fcd05cf7aa46a15bfea903c2337bd25f58db16548cd25e', 'description': None, 'state': 0, 'bingState': 0, 'status': True, 'createTime': 1661937393000, 'updateTime': 1672301125000, 'robotRegisterCode': None, 'token': None, 'robot': None, 'creator': {'id': 47, 'bid': 264076137660418, 'name': 'yuan3'}, 'deviceType': -1, 'currentUser': None, 'hostName': 'Caden/Caden', 'enterpriseId': 1142, 'loginDate': 1672300835000}, {'id': 8, 'bid': 242692994957313, 'name': 'NBJSHENG-WANG04/sheng.wang04', 'deviceId': 'c36ffb14c1054356f709158ec4307333890d30c869e6ee92fe448de122c3668890', 'description': None, 'state': 0, 'bingState': 0, 'status': True, 'createTime': 1662025838000, 'updateTime': 1676274020000, 'robotRegisterCode': None, 'token': None, 'robot': None, 'creator': {'id': 59, 'bid': 270778580926466, 'name': 'wang'}, 'deviceType': -1, 'currentUser': None, 'hostName': 'NBJSHENG-WANG04/sheng.wang04', 'enterpriseId': 1142, 'loginDate': 1676272888000}, {'id': 9, 'bid': 243897575997441, 'name': 'WIN-3O4FBMIR2QN/Wang Jian', 'deviceId': 'ec1e71dc9accf89f00ee1394f1e3d5c0cb48d705aebe97dfcdb67675de51e01b', 'description': None, 'state': 0, 'bingState': 0, 'status': True, 'createTime': 1662600227000, 'updateTime': 1662602398000, 'robotRegisterCode': None, 'token': None, 'robot': None, 'creator': {'id': 1, 'bid': 1222, 'name': '企业级管理员'}, 'deviceType': -1, 'currentUser': None, 'hostName': 'WIN-3O4FBMIR2QN/Wang Jian', 'enterpriseId': 1142, 'loginDate': 1662601508000}, {'id': 10, 'bid': 243952238264321, 'name': 'DESKTOP-ASP2OKI/Wang Jian2', 'deviceId': 'aa2bd5f85b0417a73672a82a1a33777173a46d5be0343e5be1ddb6c057fa5780', 'description': None, 'state': 0, 'bingState': 0, 'status': True, 'createTime': 1662626292000, 'updateTime': 1664192118000, 'robotRegisterCode': None, 'token': None, 'robot': None, 'creator': {'id': 2, 'bid': 241843847626754, 'name': '部门'}, 'deviceType': -1, 'currentUser': None, 'hostName': 'DESKTOP-ASP2OKI/Wang Jian', 'enterpriseId': 1142, 'loginDate': 1664192117000}], 'total': 30, 'size': 10, 'current': 0, 'orders': [], 'searchCount': True, 'pages': 3}, 'success': True}
[2023-02-21 18:40:11,549]-[Assert.py]-[line:15]-INFO: 断言成功----验证值为： 200, 结果为：200 
[2023-02-21 18:40:12,412]-[Request.py]-[line:20]-INFO: GET请求接口：https://mrpa-test.ai-rtc.com:8082/plat/api/sys/getImageCode?userName=cladmin 成功!
[2023-02-21 18:40:12,697]-[Request.py]-[line:35]-INFO: POST请求接口：https://mrpa-test.ai-rtc.com:8082/plat/api/sys/login 成功!
[2023-02-21 18:40:12,697]-[Request.py]-[line:40]-INFO: POST请求参数为：{'movePosX': 140, 'username': 'cladmin', 'password': 'fefd0cbad5de5ca3eddad355835b8312'}
[2023-02-21 18:40:12,697]-[Request.py]-[line:43]-INFO: POST接口返回数据为:{'code': 200, 'message': 'success', 'data': {'id': None, 'bid': 266782201937922, 'enterpriseId': 1142, 'enterpriseName': None, 'username': 'cladmin', 'realname': 'kevin', 'password': 'ea4862fb73129c92a3d2f4203c4b2a5e', 'salt': None, 'sex': None, 'departId': '1192', 'roleId': '1183', 'email': '', 'sysRole': {'id': 1, 'bid': 1183, 'enterpriseId': 1142, 'roleName': '企业管理员', 'roleCode': 'JS10001', 'dataScope': 2, 'description': '系统生成', 'status': 0, 'remarks': None, 'childPermissionIdList': None, 'childPermissionList': None, 'childPermissionsList': None, 'createId': '1222', 'createTime': 1655694102000, 'updateId': '1222', 'updateTime': 1655694101000, 'sortNum': 0, 'state': 1}, 'sysDepartQueryModel': {'bid': 1192, 'parentId': '1142', 'departName': '智能rpa部门', 'childrenPersonalVo': None}, 'sysRoleQueryModel': None, 'phone': '', 'officePhone': '', 'state': 1, 'status': 0, 'delFlag': None, 'createId': '1222', 'createTime': 1675132178000, 'updateId': '1222', 'updateTime': 1675132178000, 'remark': None, 'wrongTimes': 0, 'loginTime': 1676975970000, 'expiredTime': 5932200}, 'success': True}
[2023-02-21 18:40:12,698]-[conftest.py]-[line:66]-INFO: 获取Cookie成功！
[2023-02-21 18:40:12,698]-[test_robot_device_list.py]-[line:50]-INFO: 

[2023-02-21 18:40:12,699]-[test_robot_device_list.py]-[line:51]-WARNING: 开始测试：test_change_state
[2023-02-21 18:40:13,005]-[Request.py]-[line:35]-INFO: POST请求接口：https://mrpa-test.ai-rtc.com:8082/plat/api/robot/device/list 成功!
[2023-02-21 18:40:13,005]-[Request.py]-[line:42]-INFO: POST请求参数为：{'size': 10, 'current': 1, 'name': '', 'robotName': '', 'state': None}
[2023-02-21 18:40:13,006]-[Request.py]-[line:43]-INFO: POST接口返回数据为:{'code': 200, 'message': 'success', 'data': {'records': [{'id': 1, 'bid': 241826816655361, 'name': 'auto_test_name7509', 'deviceId': '6fea929f77fc000c09009de595151e65deb87d34e0b591111d5195f9fb046b70', 'description': None, 'state': -1, 'bingState': 0, 'status': False, 'createTime': 1661612812000, 'updateTime': 1676974199000, 'robotRegisterCode': None, 'token': None, 'robot': None, 'creator': {'id': 1, 'bid': 1222, 'name': '企业级管理员'}, 'deviceType': -1, 'currentUser': None, 'hostName': 'DESKTOP-ASP2OKI/Wang Jian', 'enterpriseId': 1142, 'loginDate': 1661627863000}, {'id': 2, 'bid': 241848044027905, 'name': '路明/1625', 'deviceId': 'c932a39bc9aabfb69dddd950ce969e5885592930b2d47bc492ab6b21a5c4ca49', 'description': None, 'state': 0, 'bingState': 0, 'status': True, 'createTime': 1661622934000, 'updateTime': 1664362591000, 'robotRegisterCode': None, 'token': None, 'robot': None, 'creator': {'id': 1, 'bid': 1222, 'name': '企业级管理员'}, 'deviceType': -1, 'currentUser': None, 'hostName': '路明/1625', 'enterpriseId': 1142, 'loginDate': 1664362379000}, {'id': 3, 'bid': 241858108260353, 'name': '路明/1625', 'deviceId': '6d5916c67031ccf775afef79efbebb2f428ed4ec5473ae240cf564e7bd386367', 'description': None, 'state': 0, 'bingState': 0, 'status': True, 'createTime': 1661627733000, 'updateTime': 1676374187000, 'robotRegisterCode': None, 'token': None, 'robot': None, 'creator': {'id': 55, 'bid': 266782201937922, 'name': 'kevin'}, 'deviceType': -1, 'currentUser': {'id': 55, 'bid': 266782201937922, 'name': 'kevin'}, 'hostName': 'chenlei个人台式机/Administrator', 'enterpriseId': 1142, 'loginDate': 1676369474000}, {'id': 4, 'bid': 241912915230721, 'name': 'DESKTOP-ASP2OKI/Wang Jian', 'deviceId': 'd729598422c0bb414e469fed0b709f0327d6a4081b740c5af1dda1e157235b23', 'description': None, 'state': 0, 'bingState': 0, 'status': True, 'createTime': 1661653867000, 'updateTime': 1665738858000, 'robotRegisterCode': None, 'token': None, 'robot': None, 'creator': {'id': 1, 'bid': 1222, 'name': '企业级管理员'}, 'deviceType': -1, 'currentUser': None, 'hostName': 'DESKTOP-ASP2OKI/Wang Jian', 'enterpriseId': 1142, 'loginDate': 1665738352000}, {'id': 5, 'bid': 241921844903937, 'name': 'DESKTOP-JVDC22J/wangjian', 'deviceId': '99cc76a21e2bf4ade9e5b131d6be051060cc8c835853cf831b1033098b24c2e7', 'description': None, 'state': 0, 'bingState': 0, 'status': True, 'createTime': 1661658125000, 'updateTime': 1664264122000, 'robotRegisterCode': None, 'token': None, 'robot': None, 'creator': {'id': 2, 'bid': 241843847626754, 'name': '部门'}, 'deviceType': -1, 'currentUser': None, 'hostName': 'DESKTOP-JVDC22J/wangjian', 'enterpriseId': 1142, 'loginDate': 1664264121000}, {'id': 6, 'bid': 242501650808833, 'name': 'WT-20200726RMXE/Administrator', 'deviceId': 'b1f3455e5c385059177c8daf94beff654a55ea7b8cb8827938576e79d51a7192', 'description': None, 'state': 0, 'bingState': 0, 'status': True, 'createTime': 1661934598000, 'updateTime': 1664351640000, 'robotRegisterCode': None, 'token': None, 'robot': None, 'creator': {'id': 2, 'bid': 241843847626754, 'name': '部门'}, 'deviceType': -1, 'currentUser': None, 'hostName': 'WT-20200726RMXE/Administrator', 'enterpriseId': 1142, 'loginDate': 1664351561000}, {'id': 7, 'bid': 242507512348673, 'name': 'Caden/Caden2', 'deviceId': 'f211ecbb0e9ab00e87fcd05cf7aa46a15bfea903c2337bd25f58db16548cd25e', 'description': None, 'state': 0, 'bingState': 0, 'status': True, 'createTime': 1661937393000, 'updateTime': 1672301125000, 'robotRegisterCode': None, 'token': None, 'robot': None, 'creator': {'id': 47, 'bid': 264076137660418, 'name': 'yuan3'}, 'deviceType': -1, 'currentUser': None, 'hostName': 'Caden/Caden', 'enterpriseId': 1142, 'loginDate': 1672300835000}, {'id': 8, 'bid': 242692994957313, 'name': 'NBJSHENG-WANG04/sheng.wang04', 'deviceId': 'c36ffb14c1054356f709158ec4307333890d30c869e6ee92fe448de122c3668890', 'description': None, 'state': 0, 'bingState': 0, 'status': True, 'createTime': 1662025838000, 'updateTime': 1676274020000, 'robotRegisterCode': None, 'token': None, 'robot': None, 'creator': {'id': 59, 'bid': 270778580926466, 'name': 'wang'}, 'deviceType': -1, 'currentUser': None, 'hostName': 'NBJSHENG-WANG04/sheng.wang04', 'enterpriseId': 1142, 'loginDate': 1676272888000}, {'id': 9, 'bid': 243897575997441, 'name': 'WIN-3O4FBMIR2QN/Wang Jian', 'deviceId': 'ec1e71dc9accf89f00ee1394f1e3d5c0cb48d705aebe97dfcdb67675de51e01b', 'description': None, 'state': 0, 'bingState': 0, 'status': True, 'createTime': 1662600227000, 'updateTime': 1662602398000, 'robotRegisterCode': None, 'token': None, 'robot': None, 'creator': {'id': 1, 'bid': 1222, 'name': '企业级管理员'}, 'deviceType': -1, 'currentUser': None, 'hostName': 'WIN-3O4FBMIR2QN/Wang Jian', 'enterpriseId': 1142, 'loginDate': 1662601508000}, {'id': 10, 'bid': 243952238264321, 'name': 'DESKTOP-ASP2OKI/Wang Jian2', 'deviceId': 'aa2bd5f85b0417a73672a82a1a33777173a46d5be0343e5be1ddb6c057fa5780', 'description': None, 'state': 0, 'bingState': 0, 'status': True, 'createTime': 1662626292000, 'updateTime': 1664192118000, 'robotRegisterCode': None, 'token': None, 'robot': None, 'creator': {'id': 2, 'bid': 241843847626754, 'name': '部门'}, 'deviceType': -1, 'currentUser': None, 'hostName': 'DESKTOP-ASP2OKI/Wang Jian', 'enterpriseId': 1142, 'loginDate': 1664192117000}], 'total': 30, 'size': 10, 'current': 0, 'orders': [], 'searchCount': True, 'pages': 3}, 'success': True}
[2023-02-21 18:40:13,258]-[Request.py]-[line:35]-INFO: POST请求接口：https://mrpa-test.ai-rtc.com:8082/plat/api/robot/update/device/state 成功!
[2023-02-21 18:40:13,258]-[Request.py]-[line:42]-INFO: POST请求参数为：{'state': 0, 'bid': 241826816655361}
[2023-02-21 18:40:13,258]-[Request.py]-[line:43]-INFO: POST接口返回数据为:{'code': 200, 'message': 'success', 'data': '修改成功', 'success': True}
[2023-02-21 18:40:13,258]-[Assert.py]-[line:15]-INFO: 断言成功----验证值为： 200, 结果为：200 
[2023-02-21 18:40:14,179]-[Request.py]-[line:20]-INFO: GET请求接口：https://mrpa-test.ai-rtc.com:8082/plat/api/sys/getImageCode?userName=cladmin 成功!
[2023-02-21 18:40:14,466]-[Request.py]-[line:35]-INFO: POST请求接口：https://mrpa-test.ai-rtc.com:8082/plat/api/sys/login 成功!
[2023-02-21 18:40:14,466]-[Request.py]-[line:40]-INFO: POST请求参数为：{'movePosX': 138, 'username': 'cladmin', 'password': 'fefd0cbad5de5ca3eddad355835b8312'}
[2023-02-21 18:40:14,467]-[Request.py]-[line:43]-INFO: POST接口返回数据为:{'code': 200, 'message': 'success', 'data': {'id': None, 'bid': 266782201937922, 'enterpriseId': 1142, 'enterpriseName': None, 'username': 'cladmin', 'realname': 'kevin', 'password': 'ea4862fb73129c92a3d2f4203c4b2a5e', 'salt': None, 'sex': None, 'departId': '1192', 'roleId': '1183', 'email': '', 'sysRole': {'id': 1, 'bid': 1183, 'enterpriseId': 1142, 'roleName': '企业管理员', 'roleCode': 'JS10001', 'dataScope': 2, 'description': '系统生成', 'status': 0, 'remarks': None, 'childPermissionIdList': None, 'childPermissionList': None, 'childPermissionsList': None, 'createId': '1222', 'createTime': 1655694102000, 'updateId': '1222', 'updateTime': 1655694101000, 'sortNum': 0, 'state': 1}, 'sysDepartQueryModel': {'bid': 1192, 'parentId': '1142', 'departName': '智能rpa部门', 'childrenPersonalVo': None}, 'sysRoleQueryModel': None, 'phone': '', 'officePhone': '', 'state': 1, 'status': 0, 'delFlag': None, 'createId': '1222', 'createTime': 1675132178000, 'updateId': '1222', 'updateTime': 1675132178000, 'remark': None, 'wrongTimes': 0, 'loginTime': 1676975971000, 'expiredTime': 5932200}, 'success': True}
[2023-02-21 18:40:14,467]-[conftest.py]-[line:66]-INFO: 获取Cookie成功！
[2023-02-21 18:40:14,467]-[test_robot_device_list.py]-[line:64]-INFO: 

[2023-02-21 18:40:14,468]-[test_robot_device_list.py]-[line:65]-WARNING: 开始测试：test_update_device_info
[2023-02-21 18:40:14,770]-[Request.py]-[line:35]-INFO: POST请求接口：https://mrpa-test.ai-rtc.com:8082/plat/api/robot/device/list 成功!
[2023-02-21 18:40:14,771]-[Request.py]-[line:42]-INFO: POST请求参数为：{'size': 10, 'current': 1, 'name': '', 'robotName': '', 'state': None}
[2023-02-21 18:40:14,771]-[Request.py]-[line:43]-INFO: POST接口返回数据为:{'code': 200, 'message': 'success', 'data': {'records': [{'id': 1, 'bid': 241826816655361, 'name': 'auto_test_name7509', 'deviceId': '6fea929f77fc000c09009de595151e65deb87d34e0b591111d5195f9fb046b70', 'description': None, 'state': 0, 'bingState': 0, 'status': True, 'createTime': 1661612812000, 'updateTime': 1676975972000, 'robotRegisterCode': None, 'token': None, 'robot': None, 'creator': {'id': 1, 'bid': 1222, 'name': '企业级管理员'}, 'deviceType': -1, 'currentUser': None, 'hostName': 'DESKTOP-ASP2OKI/Wang Jian', 'enterpriseId': 1142, 'loginDate': 1661627863000}, {'id': 2, 'bid': 241848044027905, 'name': '路明/1625', 'deviceId': 'c932a39bc9aabfb69dddd950ce969e5885592930b2d47bc492ab6b21a5c4ca49', 'description': None, 'state': 0, 'bingState': 0, 'status': True, 'createTime': 1661622934000, 'updateTime': 1664362591000, 'robotRegisterCode': None, 'token': None, 'robot': None, 'creator': {'id': 1, 'bid': 1222, 'name': '企业级管理员'}, 'deviceType': -1, 'currentUser': None, 'hostName': '路明/1625', 'enterpriseId': 1142, 'loginDate': 1664362379000}, {'id': 3, 'bid': 241858108260353, 'name': '路明/1625', 'deviceId': '6d5916c67031ccf775afef79efbebb2f428ed4ec5473ae240cf564e7bd386367', 'description': None, 'state': 0, 'bingState': 0, 'status': True, 'createTime': 1661627733000, 'updateTime': 1676374187000, 'robotRegisterCode': None, 'token': None, 'robot': None, 'creator': {'id': 55, 'bid': 266782201937922, 'name': 'kevin'}, 'deviceType': -1, 'currentUser': {'id': 55, 'bid': 266782201937922, 'name': 'kevin'}, 'hostName': 'chenlei个人台式机/Administrator', 'enterpriseId': 1142, 'loginDate': 1676369474000}, {'id': 4, 'bid': 241912915230721, 'name': 'DESKTOP-ASP2OKI/Wang Jian', 'deviceId': 'd729598422c0bb414e469fed0b709f0327d6a4081b740c5af1dda1e157235b23', 'description': None, 'state': 0, 'bingState': 0, 'status': True, 'createTime': 1661653867000, 'updateTime': 1665738858000, 'robotRegisterCode': None, 'token': None, 'robot': None, 'creator': {'id': 1, 'bid': 1222, 'name': '企业级管理员'}, 'deviceType': -1, 'currentUser': None, 'hostName': 'DESKTOP-ASP2OKI/Wang Jian', 'enterpriseId': 1142, 'loginDate': 1665738352000}, {'id': 5, 'bid': 241921844903937, 'name': 'DESKTOP-JVDC22J/wangjian', 'deviceId': '99cc76a21e2bf4ade9e5b131d6be051060cc8c835853cf831b1033098b24c2e7', 'description': None, 'state': 0, 'bingState': 0, 'status': True, 'createTime': 1661658125000, 'updateTime': 1664264122000, 'robotRegisterCode': None, 'token': None, 'robot': None, 'creator': {'id': 2, 'bid': 241843847626754, 'name': '部门'}, 'deviceType': -1, 'currentUser': None, 'hostName': 'DESKTOP-JVDC22J/wangjian', 'enterpriseId': 1142, 'loginDate': 1664264121000}, {'id': 6, 'bid': 242501650808833, 'name': 'WT-20200726RMXE/Administrator', 'deviceId': 'b1f3455e5c385059177c8daf94beff654a55ea7b8cb8827938576e79d51a7192', 'description': None, 'state': 0, 'bingState': 0, 'status': True, 'createTime': 1661934598000, 'updateTime': 1664351640000, 'robotRegisterCode': None, 'token': None, 'robot': None, 'creator': {'id': 2, 'bid': 241843847626754, 'name': '部门'}, 'deviceType': -1, 'currentUser': None, 'hostName': 'WT-20200726RMXE/Administrator', 'enterpriseId': 1142, 'loginDate': 1664351561000}, {'id': 7, 'bid': 242507512348673, 'name': 'Caden/Caden2', 'deviceId': 'f211ecbb0e9ab00e87fcd05cf7aa46a15bfea903c2337bd25f58db16548cd25e', 'description': None, 'state': 0, 'bingState': 0, 'status': True, 'createTime': 1661937393000, 'updateTime': 1672301125000, 'robotRegisterCode': None, 'token': None, 'robot': None, 'creator': {'id': 47, 'bid': 264076137660418, 'name': 'yuan3'}, 'deviceType': -1, 'currentUser': None, 'hostName': 'Caden/Caden', 'enterpriseId': 1142, 'loginDate': 1672300835000}, {'id': 8, 'bid': 242692994957313, 'name': 'NBJSHENG-WANG04/sheng.wang04', 'deviceId': 'c36ffb14c1054356f709158ec4307333890d30c869e6ee92fe448de122c3668890', 'description': None, 'state': 0, 'bingState': 0, 'status': True, 'createTime': 1662025838000, 'updateTime': 1676274020000, 'robotRegisterCode': None, 'token': None, 'robot': None, 'creator': {'id': 59, 'bid': 270778580926466, 'name': 'wang'}, 'deviceType': -1, 'currentUser': None, 'hostName': 'NBJSHENG-WANG04/sheng.wang04', 'enterpriseId': 1142, 'loginDate': 1676272888000}, {'id': 9, 'bid': 243897575997441, 'name': 'WIN-3O4FBMIR2QN/Wang Jian', 'deviceId': 'ec1e71dc9accf89f00ee1394f1e3d5c0cb48d705aebe97dfcdb67675de51e01b', 'description': None, 'state': 0, 'bingState': 0, 'status': True, 'createTime': 1662600227000, 'updateTime': 1662602398000, 'robotRegisterCode': None, 'token': None, 'robot': None, 'creator': {'id': 1, 'bid': 1222, 'name': '企业级管理员'}, 'deviceType': -1, 'currentUser': None, 'hostName': 'WIN-3O4FBMIR2QN/Wang Jian', 'enterpriseId': 1142, 'loginDate': 1662601508000}, {'id': 10, 'bid': 243952238264321, 'name': 'DESKTOP-ASP2OKI/Wang Jian2', 'deviceId': 'aa2bd5f85b0417a73672a82a1a33777173a46d5be0343e5be1ddb6c057fa5780', 'description': None, 'state': 0, 'bingState': 0, 'status': True, 'createTime': 1662626292000, 'updateTime': 1664192118000, 'robotRegisterCode': None, 'token': None, 'robot': None, 'creator': {'id': 2, 'bid': 241843847626754, 'name': '部门'}, 'deviceType': -1, 'currentUser': None, 'hostName': 'DESKTOP-ASP2OKI/Wang Jian', 'enterpriseId': 1142, 'loginDate': 1664192117000}], 'total': 30, 'size': 10, 'current': 0, 'orders': [], 'searchCount': True, 'pages': 3}, 'success': True}
[2023-02-21 18:40:15,021]-[Request.py]-[line:35]-INFO: POST请求接口：https://mrpa-test.ai-rtc.com:8082/plat/api/robot/device/update 成功!
[2023-02-21 18:40:15,021]-[Request.py]-[line:40]-INFO: POST请求参数为：{'bid': 241826816655361, 'description': None, 'enterpriseId': 1142, 'hostName': 'DESKTOP-ASP2OKI/Wang Jian', 'name': 'auto_test_name7155'}
[2023-02-21 18:40:15,022]-[Request.py]-[line:43]-INFO: POST接口返回数据为:{'code': 200, 'message': 'success', 'data': '操作成功', 'success': True}
[2023-02-21 18:40:15,022]-[Assert.py]-[line:15]-INFO: 断言成功----验证值为： 200, 结果为：200 
[2023-02-21 18:40:15,754]-[Request.py]-[line:20]-INFO: GET请求接口：https://mrpa-test.ai-rtc.com:8082/plat/api/sys/getImageCode?userName=cladmin 成功!
[2023-02-21 18:40:16,015]-[Request.py]-[line:35]-INFO: POST请求接口：https://mrpa-test.ai-rtc.com:8082/plat/api/sys/login 成功!
[2023-02-21 18:40:16,016]-[Request.py]-[line:40]-INFO: POST请求参数为：{'movePosX': 159, 'username': 'cladmin', 'password': 'fefd0cbad5de5ca3eddad355835b8312'}
[2023-02-21 18:40:16,016]-[Request.py]-[line:43]-INFO: POST接口返回数据为:{'code': 200, 'message': 'success', 'data': {'id': None, 'bid': 266782201937922, 'enterpriseId': 1142, 'enterpriseName': None, 'username': 'cladmin', 'realname': 'kevin', 'password': 'ea4862fb73129c92a3d2f4203c4b2a5e', 'salt': None, 'sex': None, 'departId': '1192', 'roleId': '1183', 'email': '', 'sysRole': {'id': 1, 'bid': 1183, 'enterpriseId': 1142, 'roleName': '企业管理员', 'roleCode': 'JS10001', 'dataScope': 2, 'description': '系统生成', 'status': 0, 'remarks': None, 'childPermissionIdList': None, 'childPermissionList': None, 'childPermissionsList': None, 'createId': '1222', 'createTime': 1655694102000, 'updateId': '1222', 'updateTime': 1655694101000, 'sortNum': 0, 'state': 1}, 'sysDepartQueryModel': {'bid': 1192, 'parentId': '1142', 'departName': '智能rpa部门', 'childrenPersonalVo': None}, 'sysRoleQueryModel': None, 'phone': '', 'officePhone': '', 'state': 1, 'status': 0, 'delFlag': None, 'createId': '1222', 'createTime': 1675132178000, 'updateId': '1222', 'updateTime': 1675132178000, 'remark': None, 'wrongTimes': 0, 'loginTime': 1676975973000, 'expiredTime': 5932200}, 'success': True}
[2023-02-21 18:40:16,016]-[conftest.py]-[line:66]-INFO: 获取Cookie成功！
[2023-02-21 18:40:16,017]-[test_robot_device_list.py]-[line:79]-INFO: 

[2023-02-21 18:40:16,017]-[test_robot_device_list.py]-[line:80]-WARNING: 开始测试：test_update_device_name_duplicate
[2023-02-21 18:40:16,339]-[Request.py]-[line:35]-INFO: POST请求接口：https://mrpa-test.ai-rtc.com:8082/plat/api/robot/device/list 成功!
[2023-02-21 18:40:16,339]-[Request.py]-[line:42]-INFO: POST请求参数为：{'size': 10, 'current': 1, 'name': '', 'robotName': '', 'state': None}
[2023-02-21 18:40:16,339]-[Request.py]-[line:43]-INFO: POST接口返回数据为:{'code': 200, 'message': 'success', 'data': {'records': [{'id': 1, 'bid': 241826816655361, 'name': 'auto_test_name7155', 'deviceId': '6fea929f77fc000c09009de595151e65deb87d34e0b591111d5195f9fb046b70', 'description': None, 'state': 0, 'bingState': 0, 'status': True, 'createTime': 1661612812000, 'updateTime': 1676975972000, 'robotRegisterCode': None, 'token': None, 'robot': None, 'creator': {'id': 1, 'bid': 1222, 'name': '企业级管理员'}, 'deviceType': -1, 'currentUser': None, 'hostName': 'DESKTOP-ASP2OKI/Wang Jian', 'enterpriseId': 1142, 'loginDate': 1661627863000}, {'id': 2, 'bid': 241848044027905, 'name': '路明/1625', 'deviceId': 'c932a39bc9aabfb69dddd950ce969e5885592930b2d47bc492ab6b21a5c4ca49', 'description': None, 'state': 0, 'bingState': 0, 'status': True, 'createTime': 1661622934000, 'updateTime': 1664362591000, 'robotRegisterCode': None, 'token': None, 'robot': None, 'creator': {'id': 1, 'bid': 1222, 'name': '企业级管理员'}, 'deviceType': -1, 'currentUser': None, 'hostName': '路明/1625', 'enterpriseId': 1142, 'loginDate': 1664362379000}, {'id': 3, 'bid': 241858108260353, 'name': '路明/1625', 'deviceId': '6d5916c67031ccf775afef79efbebb2f428ed4ec5473ae240cf564e7bd386367', 'description': None, 'state': 0, 'bingState': 0, 'status': True, 'createTime': 1661627733000, 'updateTime': 1676374187000, 'robotRegisterCode': None, 'token': None, 'robot': None, 'creator': {'id': 55, 'bid': 266782201937922, 'name': 'kevin'}, 'deviceType': -1, 'currentUser': {'id': 55, 'bid': 266782201937922, 'name': 'kevin'}, 'hostName': 'chenlei个人台式机/Administrator', 'enterpriseId': 1142, 'loginDate': 1676369474000}, {'id': 4, 'bid': 241912915230721, 'name': 'DESKTOP-ASP2OKI/Wang Jian', 'deviceId': 'd729598422c0bb414e469fed0b709f0327d6a4081b740c5af1dda1e157235b23', 'description': None, 'state': 0, 'bingState': 0, 'status': True, 'createTime': 1661653867000, 'updateTime': 1665738858000, 'robotRegisterCode': None, 'token': None, 'robot': None, 'creator': {'id': 1, 'bid': 1222, 'name': '企业级管理员'}, 'deviceType': -1, 'currentUser': None, 'hostName': 'DESKTOP-ASP2OKI/Wang Jian', 'enterpriseId': 1142, 'loginDate': 1665738352000}, {'id': 5, 'bid': 241921844903937, 'name': 'DESKTOP-JVDC22J/wangjian', 'deviceId': '99cc76a21e2bf4ade9e5b131d6be051060cc8c835853cf831b1033098b24c2e7', 'description': None, 'state': 0, 'bingState': 0, 'status': True, 'createTime': 1661658125000, 'updateTime': 1664264122000, 'robotRegisterCode': None, 'token': None, 'robot': None, 'creator': {'id': 2, 'bid': 241843847626754, 'name': '部门'}, 'deviceType': -1, 'currentUser': None, 'hostName': 'DESKTOP-JVDC22J/wangjian', 'enterpriseId': 1142, 'loginDate': 1664264121000}, {'id': 6, 'bid': 242501650808833, 'name': 'WT-20200726RMXE/Administrator', 'deviceId': 'b1f3455e5c385059177c8daf94beff654a55ea7b8cb8827938576e79d51a7192', 'description': None, 'state': 0, 'bingState': 0, 'status': True, 'createTime': 1661934598000, 'updateTime': 1664351640000, 'robotRegisterCode': None, 'token': None, 'robot': None, 'creator': {'id': 2, 'bid': 241843847626754, 'name': '部门'}, 'deviceType': -1, 'currentUser': None, 'hostName': 'WT-20200726RMXE/Administrator', 'enterpriseId': 1142, 'loginDate': 1664351561000}, {'id': 7, 'bid': 242507512348673, 'name': 'Caden/Caden2', 'deviceId': 'f211ecbb0e9ab00e87fcd05cf7aa46a15bfea903c2337bd25f58db16548cd25e', 'description': None, 'state': 0, 'bingState': 0, 'status': True, 'createTime': 1661937393000, 'updateTime': 1672301125000, 'robotRegisterCode': None, 'token': None, 'robot': None, 'creator': {'id': 47, 'bid': 264076137660418, 'name': 'yuan3'}, 'deviceType': -1, 'currentUser': None, 'hostName': 'Caden/Caden', 'enterpriseId': 1142, 'loginDate': 1672300835000}, {'id': 8, 'bid': 242692994957313, 'name': 'NBJSHENG-WANG04/sheng.wang04', 'deviceId': 'c36ffb14c1054356f709158ec4307333890d30c869e6ee92fe448de122c3668890', 'description': None, 'state': 0, 'bingState': 0, 'status': True, 'createTime': 1662025838000, 'updateTime': 1676274020000, 'robotRegisterCode': None, 'token': None, 'robot': None, 'creator': {'id': 59, 'bid': 270778580926466, 'name': 'wang'}, 'deviceType': -1, 'currentUser': None, 'hostName': 'NBJSHENG-WANG04/sheng.wang04', 'enterpriseId': 1142, 'loginDate': 1676272888000}, {'id': 9, 'bid': 243897575997441, 'name': 'WIN-3O4FBMIR2QN/Wang Jian', 'deviceId': 'ec1e71dc9accf89f00ee1394f1e3d5c0cb48d705aebe97dfcdb67675de51e01b', 'description': None, 'state': 0, 'bingState': 0, 'status': True, 'createTime': 1662600227000, 'updateTime': 1662602398000, 'robotRegisterCode': None, 'token': None, 'robot': None, 'creator': {'id': 1, 'bid': 1222, 'name': '企业级管理员'}, 'deviceType': -1, 'currentUser': None, 'hostName': 'WIN-3O4FBMIR2QN/Wang Jian', 'enterpriseId': 1142, 'loginDate': 1662601508000}, {'id': 10, 'bid': 243952238264321, 'name': 'DESKTOP-ASP2OKI/Wang Jian2', 'deviceId': 'aa2bd5f85b0417a73672a82a1a33777173a46d5be0343e5be1ddb6c057fa5780', 'description': None, 'state': 0, 'bingState': 0, 'status': True, 'createTime': 1662626292000, 'updateTime': 1664192118000, 'robotRegisterCode': None, 'token': None, 'robot': None, 'creator': {'id': 2, 'bid': 241843847626754, 'name': '部门'}, 'deviceType': -1, 'currentUser': None, 'hostName': 'DESKTOP-ASP2OKI/Wang Jian', 'enterpriseId': 1142, 'loginDate': 1664192117000}], 'total': 30, 'size': 10, 'current': 0, 'orders': [], 'searchCount': True, 'pages': 3}, 'success': True}
[2023-02-21 18:40:16,582]-[Request.py]-[line:35]-INFO: POST请求接口：https://mrpa-test.ai-rtc.com:8082/plat/api/robot/device/update 成功!
[2023-02-21 18:40:16,582]-[Request.py]-[line:40]-INFO: POST请求参数为：{'bid': 241826816655361, 'description': None, 'enterpriseId': 1142, 'hostName': 'DESKTOP-ASP2OKI/Wang Jian', 'name': 'auto_test_name7155'}
[2023-02-21 18:40:16,582]-[Request.py]-[line:43]-INFO: POST接口返回数据为:{'code': 500, 'message': '设备名称已存在', 'data': None, 'success': False}
[2023-02-21 18:40:16,582]-[Assert.py]-[line:15]-INFO: 断言成功----验证值为： 设备名称已存在, 结果为：设备名称已存在 
[2023-02-21 18:40:17,421]-[Request.py]-[line:20]-INFO: GET请求接口：https://mrpa-test.ai-rtc.com:8082/plat/api/sys/getImageCode?userName=cladmin 成功!
[2023-02-21 18:40:17,799]-[Request.py]-[line:35]-INFO: POST请求接口：https://mrpa-test.ai-rtc.com:8082/plat/api/sys/login 成功!
[2023-02-21 18:40:17,800]-[Request.py]-[line:40]-INFO: POST请求参数为：{'movePosX': 65, 'username': 'cladmin', 'password': 'fefd0cbad5de5ca3eddad355835b8312'}
[2023-02-21 18:40:17,800]-[Request.py]-[line:43]-INFO: POST接口返回数据为:{'code': 500, 'message': '验证不通过', 'data': None, 'success': False}
[2023-02-21 18:40:18,602]-[Request.py]-[line:20]-INFO: GET请求接口：https://mrpa-test.ai-rtc.com:8082/plat/api/sys/getImageCode?userName=cladmin 成功!
[2023-02-21 18:40:18,852]-[Request.py]-[line:35]-INFO: POST请求接口：https://mrpa-test.ai-rtc.com:8082/plat/api/sys/login 成功!
[2023-02-21 18:40:18,852]-[Request.py]-[line:40]-INFO: POST请求参数为：{'movePosX': 137, 'username': 'cladmin', 'password': 'fefd0cbad5de5ca3eddad355835b8312'}
[2023-02-21 18:40:18,852]-[Request.py]-[line:43]-INFO: POST接口返回数据为:{'code': 200, 'message': 'success', 'data': {'id': None, 'bid': 266782201937922, 'enterpriseId': 1142, 'enterpriseName': None, 'username': 'cladmin', 'realname': 'kevin', 'password': 'ea4862fb73129c92a3d2f4203c4b2a5e', 'salt': None, 'sex': None, 'departId': '1192', 'roleId': '1183', 'email': '', 'sysRole': {'id': 1, 'bid': 1183, 'enterpriseId': 1142, 'roleName': '企业管理员', 'roleCode': 'JS10001', 'dataScope': 2, 'description': '系统生成', 'status': 0, 'remarks': None, 'childPermissionIdList': None, 'childPermissionList': None, 'childPermissionsList': None, 'createId': '1222', 'createTime': 1655694102000, 'updateId': '1222', 'updateTime': 1655694101000, 'sortNum': 0, 'state': 1}, 'sysDepartQueryModel': {'bid': 1192, 'parentId': '1142', 'departName': '智能rpa部门', 'childrenPersonalVo': None}, 'sysRoleQueryModel': None, 'phone': '', 'officePhone': '', 'state': 1, 'status': 0, 'delFlag': None, 'createId': '1222', 'createTime': 1675132178000, 'updateId': '1222', 'updateTime': 1675132178000, 'remark': None, 'wrongTimes': 0, 'loginTime': 1676975974000, 'expiredTime': 5932200}, 'success': True}
[2023-02-21 18:40:18,852]-[conftest.py]-[line:66]-INFO: 获取Cookie成功！
[2023-02-21 18:40:18,853]-[test_robot_list.py]-[line:33]-INFO: 

[2023-02-21 18:40:18,853]-[test_robot_list.py]-[line:34]-WARNING: 开始测试：test_api_response
[2023-02-21 18:40:19,118]-[Request.py]-[line:35]-INFO: POST请求接口：https://mrpa-test.ai-rtc.com:8082/plat/api/robot/list 成功!
[2023-02-21 18:40:19,119]-[Request.py]-[line:42]-INFO: POST请求参数为：{'name': '', 'current': 1, 'size': 10}
[2023-02-21 18:40:19,119]-[Request.py]-[line:43]-INFO: POST接口返回数据为:{'code': 200, 'message': 'success', 'data': {'records': [{'id': 78, 'bid': 274045677404162, 'name': 'auto_test9399', 'professionId': None, 'useScope': None, 'useScopeType': 0, 'specificUseScope': '公开', 'apiKey': '7XRENZRVSWVV', 'description': None, 'registerCode': '6AKLFYUC', 'avatar': None, 'qrCode': None, 'creator': {'id': 55, 'bid': 266782201937922, 'name': 'kevin'}, 'createTime': 1676975962000, 'updateTime': 1676975962000, 'state': 0, 'status': True, 'ifEdit': True, 'type': None}, {'id': 77, 'bid': 273981519233027, 'name': 'auto_test3183', 'professionId': None, 'useScope': None, 'useScopeType': 2, 'specificUseScope': '智能rpa部门/测试部', 'apiKey': '050BXNRKYASZ', 'description': None, 'registerCode': 'HD3AVEVD', 'avatar': None, 'qrCode': None, 'creator': {'id': 55, 'bid': 266782201937922, 'name': 'kevin'}, 'createTime': 1676945369000, 'updateTime': 1676945369000, 'state': 0, 'status': True, 'ifEdit': True, 'type': None}, {'id': 76, 'bid': 273976356044803, 'name': 'auto_test5274', 'professionId': None, 'useScope': None, 'useScopeType': 1, 'specificUseScope': 'kevin', 'apiKey': 'KAPLMRBQDDZF', 'description': None, 'registerCode': 'RKS1EXZZ', 'avatar': None, 'qrCode': None, 'creator': {'id': 55, 'bid': 266782201937922, 'name': 'kevin'}, 'createTime': 1676942907000, 'updateTime': 1676942907000, 'state': 0, 'status': True, 'ifEdit': True, 'type': None}, {'id': 75, 'bid': 273861169971202, 'name': 'ttasd', 'professionId': None, 'useScope': None, 'useScopeType': 1, 'specificUseScope': 'kevin;wang', 'apiKey': 'PVBEUEVDJZ3D', 'description': None, 'registerCode': 'TGT0KMII', 'avatar': None, 'qrCode': None, 'creator': {'id': 55, 'bid': 266782201937922, 'name': 'kevin'}, 'createTime': 1676887982000, 'updateTime': 1676887982000, 'state': 0, 'status': True, 'ifEdit': True, 'type': None}, {'id': 74, 'bid': 273854725423106, 'name': 'auto_test2537', 'professionId': None, 'useScope': None, 'useScopeType': 0, 'specificUseScope': '公开', 'apiKey': 'GBEWYQO26KOX', 'description': None, 'registerCode': 'PIH4DZGP', 'avatar': None, 'qrCode': None, 'creator': {'id': 55, 'bid': 266782201937922, 'name': 'kevin'}, 'createTime': 1676884909000, 'updateTime': 1676884909000, 'state': 0, 'status': True, 'ifEdit': True, 'type': None}, {'id': 73, 'bid': 273312060080130, 'name': 'sfdasdf', 'professionId': None, 'useScope': None, 'useScopeType': 2, 'specificUseScope': '智能rpa部门/测试部', 'apiKey': 'WP3FM4K0U3DR', 'description': None, 'registerCode': '1YV99EFV', 'avatar': None, 'qrCode': None, 'creator': {'id': 55, 'bid': 266782201937922, 'name': 'kevin'}, 'createTime': 1676626146000, 'updateTime': 1676626146000, 'state': 0, 'status': True, 'ifEdit': True, 'type': None}, {'id': 72, 'bid': 273308121628674, 'name': 'ssdfasdf', 'professionId': None, 'useScope': None, 'useScopeType': 1, 'specificUseScope': 'kevin;wang', 'apiKey': 'P0SDVFEMMQPS', 'description': None, 'registerCode': '3T0AGYMA', 'avatar': None, 'qrCode': None, 'creator': {'id': 55, 'bid': 266782201937922, 'name': 'kevin'}, 'createTime': 1676624268000, 'updateTime': 1676887903000, 'state': 0, 'status': True, 'ifEdit': True, 'type': None}, {'id': 71, 'bid': 273307085635586, 'name': 'lastday', 'professionId': None, 'useScope': None, 'useScopeType': 0, 'specificUseScope': '公开', 'apiKey': 'HCJME7ND1X3A', 'description': None, 'registerCode': '2VOGGNTU', 'avatar': None, 'qrCode': None, 'creator': {'id': 55, 'bid': 266782201937922, 'name': 'kevin'}, 'createTime': 1676623774000, 'updateTime': 1676623774000, 'state': 0, 'status': True, 'ifEdit': True, 'type': None}, {'id': 70, 'bid': 272554159833090, 'name': 'wang', 'professionId': None, 'useScope': None, 'useScopeType': 0, 'specificUseScope': '公开', 'apiKey': 'PDJJ4NQSZAMI', 'description': None, 'registerCode': '3GLMLRS0', 'avatar': None, 'qrCode': None, 'creator': {'id': 59, 'bid': 270778580926466, 'name': 'wang'}, 'createTime': 1676264751000, 'updateTime': 1676264767000, 'state': 0, 'status': True, 'ifEdit': True, 'type': None}, {'id': 69, 'bid': 270179743367170, 'name': 'CLrobot私人', 'professionId': None, 'useScope': None, 'useScopeType': 1, 'specificUseScope': 'kevin', 'apiKey': 'ZHKWEACPODBN', 'description': None, 'registerCode': 'J7JYOOYI', 'avatar': None, 'qrCode': None, 'creator': {'id': 55, 'bid': 266782201937922, 'name': 'kevin'}, 'createTime': 1675132541000, 'updateTime': 1675219622000, 'state': 0, 'status': True, 'ifEdit': True, 'type': None}], 'total': 62, 'size': 10, 'current': 0, 'orders': [], 'searchCount': True, 'pages': 7}, 'success': True}
[2023-02-21 18:40:19,122]-[Assert.py]-[line:15]-INFO: 断言成功----验证值为： 200, 结果为：200 
[2023-02-21 18:40:19,132]-[allure_report.py]-[line:17]-INFO: 正在生成报告中...
[2023-02-21 18:40:19,132]-[allure_report.py]-[line:19]-INFO: 生成报告的数据路径为：C:\Users\Administrator\PycharmProjects\API_auto_test\report\report_data
[2023-02-21 18:40:21,754]-[allure_report.py]-[line:21]-INFO: 生成报告html路径为：C:\Users\Administrator\PycharmProjects\API_auto_test\report\report_html
[2023-02-21 18:40:21,755]-[allure_report.py]-[line:22]-INFO: 报告生成成功！
[2023-02-21 19:04:30,055]-[readConfig.py]-[line:18]-INFO: 正在读取配置文件中...
[2023-02-21 19:04:30,057]-[readConfig.py]-[line:21]-INFO: 配置文件数据读取成功！
[2023-02-21 19:04:30,126]-[allure_report.py]-[line:17]-INFO: 正在生成报告中...
[2023-02-21 19:04:30,126]-[allure_report.py]-[line:19]-INFO: 生成报告的数据路径为：C:\Users\Administrator\PycharmProjects\API_auto_test\report\report_data
[2023-02-21 19:04:49,126]-[readConfig.py]-[line:18]-INFO: 正在读取配置文件中...
[2023-02-21 19:04:49,129]-[readConfig.py]-[line:21]-INFO: 配置文件数据读取成功！
[2023-02-21 19:04:49,249]-[readConfig.py]-[line:18]-INFO: 正在读取配置文件中...
[2023-02-21 19:04:49,252]-[readConfig.py]-[line:21]-INFO: 配置文件数据读取成功！
[2023-02-21 19:04:49,393]-[readConfig.py]-[line:18]-INFO: 正在读取配置文件中...
[2023-02-21 19:04:49,396]-[readConfig.py]-[line:21]-INFO: 配置文件数据读取成功！
[2023-02-21 19:04:49,466]-[readConfig.py]-[line:18]-INFO: 正在读取配置文件中...
[2023-02-21 19:04:49,468]-[readConfig.py]-[line:21]-INFO: 配置文件数据读取成功！
[2023-02-21 19:04:50,143]-[Request.py]-[line:20]-INFO: GET请求接口：https://mrpa-test.ai-rtc.com:8082/plat/api/sys/getImageCode?userName=cladmin 成功!
[2023-02-21 19:04:50,380]-[Request.py]-[line:35]-INFO: POST请求接口：https://mrpa-test.ai-rtc.com:8082/plat/api/sys/login 成功!
[2023-02-21 19:04:50,380]-[Request.py]-[line:40]-INFO: POST请求参数为：{'movePosX': 108, 'username': 'cladmin', 'password': 'fefd0cbad5de5ca3eddad355835b8312'}
[2023-02-21 19:04:50,381]-[Request.py]-[line:43]-INFO: POST接口返回数据为:{'code': 200, 'message': 'success', 'data': {'id': None, 'bid': 266782201937922, 'enterpriseId': 1142, 'enterpriseName': None, 'username': 'cladmin', 'realname': 'kevin', 'password': 'ea4862fb73129c92a3d2f4203c4b2a5e', 'salt': None, 'sex': None, 'departId': '1192', 'roleId': '1183', 'email': '', 'sysRole': {'id': 1, 'bid': 1183, 'enterpriseId': 1142, 'roleName': '企业管理员', 'roleCode': 'JS10001', 'dataScope': 2, 'description': '系统生成', 'status': 0, 'remarks': None, 'childPermissionIdList': None, 'childPermissionList': None, 'childPermissionsList': None, 'createId': '1222', 'createTime': 1655694102000, 'updateId': '1222', 'updateTime': 1655694101000, 'sortNum': 0, 'state': 1}, 'sysDepartQueryModel': {'bid': 1192, 'parentId': '1142', 'departName': '智能rpa部门', 'childrenPersonalVo': None}, 'sysRoleQueryModel': None, 'phone': '', 'officePhone': '', 'state': 1, 'status': 0, 'delFlag': None, 'createId': '1222', 'createTime': 1675132178000, 'updateId': '1222', 'updateTime': 1675132178000, 'remark': None, 'wrongTimes': 0, 'loginTime': 1676976875000, 'expiredTime': 5930700}, 'success': True}
[2023-02-21 19:04:50,381]-[conftest.py]-[line:66]-INFO: 获取Cookie成功！
[2023-02-21 19:04:50,382]-[test_robot_create.py]-[line:35]-WARNING: 开始测试：test_create_robot_public
[2023-02-21 19:04:50,382]-[test_robot_create.py]-[line:36]-INFO: https://mrpa-test.ai-rtc.com:8082/plat/api/robot/saveOrUpdate
[2023-02-21 19:04:50,616]-[Request.py]-[line:35]-INFO: POST请求接口：https://mrpa-test.ai-rtc.com:8082/plat/api/robot/saveOrUpdate 成功!
[2023-02-21 19:04:50,617]-[Request.py]-[line:40]-INFO: POST请求参数为：{'name': 'auto_test5379', 'professionId': '4', 'list': [], 'useScopeType': 0, 'description': '', 'fileInfoId': ''}
[2023-02-21 19:04:50,617]-[Request.py]-[line:43]-INFO: POST接口返回数据为:{'code': 200, 'message': 'success', 'data': '新增成功', 'success': True}
[2023-02-21 19:04:50,617]-[Assert.py]-[line:15]-INFO: 断言成功----验证值为： 200, 结果为：200 
[2023-02-21 19:04:50,617]-[test_robot_create.py]-[line:40]-INFO: 测试完成！

[2023-02-21 19:04:51,479]-[Request.py]-[line:20]-INFO: GET请求接口：https://mrpa-test.ai-rtc.com:8082/plat/api/sys/getImageCode?userName=cladmin 成功!
[2023-02-21 19:04:52,166]-[Request.py]-[line:35]-INFO: POST请求接口：https://mrpa-test.ai-rtc.com:8082/plat/api/sys/login 成功!
[2023-02-21 19:04:52,166]-[Request.py]-[line:40]-INFO: POST请求参数为：{'movePosX': 109, 'username': 'cladmin', 'password': 'fefd0cbad5de5ca3eddad355835b8312'}
[2023-02-21 19:04:52,166]-[Request.py]-[line:43]-INFO: POST接口返回数据为:{'code': 200, 'message': 'success', 'data': {'id': None, 'bid': 266782201937922, 'enterpriseId': 1142, 'enterpriseName': None, 'username': 'cladmin', 'realname': 'kevin', 'password': 'ea4862fb73129c92a3d2f4203c4b2a5e', 'salt': None, 'sex': None, 'departId': '1192', 'roleId': '1183', 'email': '', 'sysRole': {'id': 1, 'bid': 1183, 'enterpriseId': 1142, 'roleName': '企业管理员', 'roleCode': 'JS10001', 'dataScope': 2, 'description': '系统生成', 'status': 0, 'remarks': None, 'childPermissionIdList': None, 'childPermissionList': None, 'childPermissionsList': None, 'createId': '1222', 'createTime': 1655694102000, 'updateId': '1222', 'updateTime': 1655694101000, 'sortNum': 0, 'state': 1}, 'sysDepartQueryModel': {'bid': 1192, 'parentId': '1142', 'departName': '智能rpa部门', 'childrenPersonalVo': None}, 'sysRoleQueryModel': None, 'phone': '', 'officePhone': '', 'state': 1, 'status': 0, 'delFlag': None, 'createId': '1222', 'createTime': 1675132178000, 'updateId': '1222', 'updateTime': 1675132178000, 'remark': None, 'wrongTimes': 0, 'loginTime': 1676977449000, 'expiredTime': 5930700}, 'success': True}
[2023-02-21 19:04:52,166]-[conftest.py]-[line:66]-INFO: 获取Cookie成功！
[2023-02-21 19:04:52,167]-[test_robot_create.py]-[line:46]-WARNING: 开始测试：test_create_robot_user
[2023-02-21 19:04:52,167]-[test_robot_create.py]-[line:47]-INFO: https://mrpa-test.ai-rtc.com:8082/plat/api/robot/saveOrUpdate
[2023-02-21 19:04:52,503]-[Request.py]-[line:35]-INFO: POST请求接口：https://mrpa-test.ai-rtc.com:8082/plat/api/sys/depart/queryPersonalAndDepartAllList 成功!
[2023-02-21 19:04:52,503]-[Request.py]-[line:43]-INFO: POST接口返回数据为:{'code': 200, 'message': 'success', 'data': {'bid': 1192, 'parentId': '1142', 'departName': '智能rpa部门', 'childrenList': [{'bid': 241843426099203, 'parentId': '1192', 'departName': '测试部', 'childrenList': [{'bid': 247230124589058, 'parentId': '241843426099203', 'departName': '测试一部', 'childrenList': [{'bid': 247160083906562, 'userName': 'bin.yin', 'realName': '尹斌', 'departId': 247230124589058}, {'bid': 247230445453315, 'userName': 'y121', 'realName': '员工121', 'departId': 247230124589058}, {'bid': 247339893719043, 'userName': 'y122', 'realName': '员工122', 'departId': 247230124589058}, {'bid': 247339893719045, 'userName': 'y123', 'realName': '员工123', 'departId': 247230124589058}, {'bid': 247339893719047, 'userName': 'y124', 'realName': '员工124', 'departId': 247230124589058}, {'bid': 247339893719049, 'userName': 'y125', 'realName': '员工125', 'departId': 247230124589058}, {'bid': 247339895816193, 'userName': 'y126', 'realName': '员工126', 'departId': 247230124589058}, {'bid': 247339895816195, 'userName': 'y127', 'realName': '员工127', 'departId': 247230124589058}, {'bid': 247339895816197, 'userName': 'y128', 'realName': '员工128', 'departId': 247230124589058}, {'bid': 247339895816199, 'userName': 'y129', 'realName': '员工129', 'departId': 247230124589058}, {'bid': 247339895816201, 'userName': 'y130', 'realName': '员工130', 'departId': 247230124589058}, {'bid': 253542052986881, 'userName': 'sec-test', 'realName': 'sec-test', 'departId': 247230124589058}, {'bid': 264061535191042, 'userName': 'biaodan1', 'realName': '表单', 'departId': 247230124589058}, {'bid': 264228892114946, 'userName': 'limingliang', 'realName': '李明', 'departId': 247230124589058}, {'bid': 264229414305794, 'userName': 'li0001', 'realName': '验收001', 'departId': 247230124589058}, {'bid': 264229519163394, 'userName': 'li0002', 'realName': '验收0002', 'departId': 247230124589058}, {'bid': 264229628215298, 'userName': 'li0003', 'realName': '验收0003', 'departId': 247230124589058}, {'bid': 265856693108738, 'userName': 'jineng01', 'realName': '验证技能问题', 'departId': 247230124589058}, {'bid': 266599831502850, 'userName': 'gengnana', 'realName': 'nananana', 'departId': 247230124589058}, {'bid': 267648327811074, 'userName': 'tong03', 'realName': '通知验收01', 'departId': 247230124589058}, {'bid': 269990301335554, 'userName': 'zKj382780770', 'realName': 'zj0001', 'departId': 247230124589058}, {'bid': 271475730874370, 'userName': 'w020701', 'realName': 'w020701', 'departId': 247230124589058}, {'bid': 272949229715458, 'userName': 'wx_007', 'realName': '伍旭', 'departId': 247230124589058}]}, {'bid': 242505566191618, 'userName': 'tangkun', 'realName': 'tangkun', 'departId': 241843426099203}, {'bid': 242534227968002, 'userName': 'www1', 'realName': 'www1', 'departId': 241843426099203}, {'bid': 242694800605186, 'userName': 'fenyea', 'realName': '一二四', 'departId': 241843426099203}, {'bid': 242695427653634, 'userName': 'febyeb', 'realName': '111', 'departId': 241843426099203}, {'bid': 242695465402370, 'userName': 'fenyec', 'realName': '111', 'departId': 241843426099203}, {'bid': 242695591231490, 'userName': 'fenyed', 'realName': '111', 'departId': 241843426099203}, {'bid': 243215626207234, 'userName': 'ztest', 'realName': 'ztest', 'departId': 241843426099203}, {'bid': 247783080656898, 'userName': 'y000', 'realName': '部门管理零', 'departId': 241843426099203}, {'bid': 263866198065154, 'userName': '企业级数据', 'realName': 'qiye', 'departId': 241843426099203}, {'bid': 272543500009474, 'userName': 'ws_web', 'realName': 'ws_web', 'departId': 241843426099203}]}, {'bid': 211699386875907, 'parentId': '1192', 'departName': '资源市场-注册用户', 'childrenList': [{'bid': 267872395919362, 'userName': 'sunone999', 'realName': 'sunone', 'departId': 211699386875907}]}, {'bid': 211699405750275, 'parentId': '1192', 'departName': '运营中心', 'childrenList': [{'bid': 241843847626754, 'userName': 'test', 'realName': '部门', 'departId': 211699405750275}, {'bid': 241982341447682, 'userName': 'xinjian', 'realName': '新员工', 'departId': 211699405750275}, {'bid': 242353338122242, 'userName': 'yuangong', 'realName': '员工', 'departId': 211699405750275}, {'bid': 242632294989826, 'userName': 'w_yuangong', 'realName': 'w_yuangong', 'departId': 211699405750275}, {'bid': 259522497150978, 'userName': 'w666', 'realName': 'w666', 'departId': 211699405750275}]}, {'bid': 260058887815171, 'parentId': '1192', 'departName': '销售部', 'childrenList': [{'bid': 260058929758211, 'parentId': '260058887815171', 'departName': '售前', 'childrenList': [{'bid': 260059976237058, 'userName': 'tang01', 'realName': 'tang01', 'departId': 260058929758211}, {'bid': 263871319310338, 'userName': '员工级数据', 'realName': 'yuangong', 'departId': 260058929758211}]}, {'bid': 260058969604099, 'parentId': '260058887815171', 'departName': '售后', 'childrenList': [{'bid': 260213202550786, 'userName': 'tang02', 'realName': 'tang02', 'departId': 260058969604099}, {'bid': 264061667311618, 'userName': 'biaodan2', 'realName': 'adada', 'departId': 260058969604099}]}, {'bid': 263871235424258, 'userName': '部门级数据', 'realName': 'bumen', 'departId': 260058887815171}, {'bid': 264019415990274, 'userName': 'yuan1', 'realName': 'yuan1', 'departId': 260058887815171}, {'bid': 264076057968642, 'userName': 'yuan2', 'realName': 'yuan2', 'departId': 260058887815171}, {'bid': 264076137660418, 'userName': 'yuan3', 'realName': 'yuan3', 'departId': 260058887815171}]}, {'bid': 1222, 'userName': 'admin', 'realName': '企业级管理员', 'departId': 1192}, {'bid': 244984081088514, 'userName': 'wangsheng01', 'realName': 'wangsheng', 'departId': 1192}, {'bid': 245360689741826, 'userName': 'wyy01', 'realName': 'wyy01', 'departId': 1192}, {'bid': 247568753819650, 'userName': 'husile', 'realName': 'husile', 'departId': 1192}, {'bid': 249936350347266, 'userName': '0', 'realName': '11', 'departId': 1192}, {'bid': 250246760300546, 'userName': '111111', 'realName': '座机', 'departId': 1192}, {'bid': 251547843887106, 'userName': 'huhu', 'realName': 'huhu', 'departId': 1192}, {'bid': 251550712791041, 'userName': 'huhu1', 'realName': 'huhu1', 'departId': 1192}, {'bid': 252659292504065, 'userName': 'husile1', 'realName': 'husile1', 'departId': 1192}, {'bid': 253553685889025, 'userName': 'weakpwd', 'realName': 'weakpwd', 'departId': 1192}, {'bid': 254094134542338, 'userName': 'weakpwd2', 'realName': 'weakpwd2', 'departId': 1192}, {'bid': 266599986692098, 'userName': 'liy1234', 'realName': 'liyu', 'departId': 1192}, {'bid': 266782201937922, 'userName': 'cladmin', 'realName': 'kevin', 'departId': 1192}, {'bid': 270778580926466, 'userName': 'wang', 'realName': 'wang', 'departId': 1192}]}, 'success': True}
[2023-02-21 19:04:52,833]-[Request.py]-[line:35]-INFO: POST请求接口：https://mrpa-test.ai-rtc.com:8082/plat/api/robot/saveOrUpdate 成功!
[2023-02-21 19:04:52,833]-[Request.py]-[line:40]-INFO: POST请求参数为：{'name': 'auto_test6234', 'professionId': '4', 'list': [{'scopeId': 266782201937922}], 'useScopeType': 1, 'description': '', 'fileInfoId': ''}
[2023-02-21 19:04:52,833]-[Request.py]-[line:43]-INFO: POST接口返回数据为:{'code': 200, 'message': 'success', 'data': '新增成功', 'success': True}
[2023-02-21 19:04:52,833]-[Assert.py]-[line:15]-INFO: 断言成功----验证值为： 200, 结果为：200 
[2023-02-21 19:04:52,833]-[test_robot_create.py]-[line:60]-INFO: 测试完成！

[2023-02-21 19:04:53,857]-[Request.py]-[line:20]-INFO: GET请求接口：https://mrpa-test.ai-rtc.com:8082/plat/api/sys/getImageCode?userName=cladmin 成功!
[2023-02-21 19:04:54,168]-[Request.py]-[line:35]-INFO: POST请求接口：https://mrpa-test.ai-rtc.com:8082/plat/api/sys/login 成功!
[2023-02-21 19:04:54,168]-[Request.py]-[line:40]-INFO: POST请求参数为：{'movePosX': 113, 'username': 'cladmin', 'password': 'fefd0cbad5de5ca3eddad355835b8312'}
[2023-02-21 19:04:54,169]-[Request.py]-[line:43]-INFO: POST接口返回数据为:{'code': 200, 'message': 'success', 'data': {'id': None, 'bid': 266782201937922, 'enterpriseId': 1142, 'enterpriseName': None, 'username': 'cladmin', 'realname': 'kevin', 'password': 'ea4862fb73129c92a3d2f4203c4b2a5e', 'salt': None, 'sex': None, 'departId': '1192', 'roleId': '1183', 'email': '', 'sysRole': {'id': 1, 'bid': 1183, 'enterpriseId': 1142, 'roleName': '企业管理员', 'roleCode': 'JS10001', 'dataScope': 2, 'description': '系统生成', 'status': 0, 'remarks': None, 'childPermissionIdList': None, 'childPermissionList': None, 'childPermissionsList': None, 'createId': '1222', 'createTime': 1655694102000, 'updateId': '1222', 'updateTime': 1655694101000, 'sortNum': 0, 'state': 1}, 'sysDepartQueryModel': {'bid': 1192, 'parentId': '1142', 'departName': '智能rpa部门', 'childrenPersonalVo': None}, 'sysRoleQueryModel': None, 'phone': '', 'officePhone': '', 'state': 1, 'status': 0, 'delFlag': None, 'createId': '1222', 'createTime': 1675132178000, 'updateId': '1222', 'updateTime': 1675132178000, 'remark': None, 'wrongTimes': 0, 'loginTime': 1676977450000, 'expiredTime': 5930700}, 'success': True}
[2023-02-21 19:04:54,169]-[conftest.py]-[line:66]-INFO: 获取Cookie成功！
[2023-02-21 19:04:54,170]-[test_robot_create.py]-[line:67]-WARNING: 开始测试：test_create_robot_organization
[2023-02-21 19:04:54,170]-[test_robot_create.py]-[line:68]-INFO: https://mrpa-test.ai-rtc.com:8082/plat/api/robot/saveOrUpdate
[2023-02-21 19:04:54,450]-[Request.py]-[line:35]-INFO: POST请求接口：https://mrpa-test.ai-rtc.com:8082/plat/api/sys/depart/queryDepartListByLoginUserId 成功!
[2023-02-21 19:04:54,450]-[Request.py]-[line:43]-INFO: POST接口返回数据为:{'code': 200, 'message': 'success', 'data': {'sysDepart': {'id': 1, 'bid': 1192, 'enterpriseId': 1142, 'parentId': '1142', 'departName': '智能rpa部门', 'departNameEn': '', 'departNameAbbr': '', 'orgCode': '', 'orgType': '0', 'childDepartList': [{'id': 4, 'bid': 241843426099203, 'enterpriseId': 1142, 'parentId': '1192', 'departName': '测试部', 'departNameEn': '', 'departNameAbbr': '', 'orgCode': '', 'orgType': '1', 'childDepartList': [{'id': 9, 'bid': 247230124589058, 'enterpriseId': 1142, 'parentId': '241843426099203', 'departName': '测试一部', 'departNameEn': '', 'departNameAbbr': '', 'orgCode': '', 'orgType': '2', 'childDepartList': [], 'mobile': None, 'fax': None, 'address': None, 'reMarks': None, 'priority': 2, 'status': 0, 'createId': '1222', 'createTime': 1664189310000, 'updateId': '1222', 'updateTime': 1664189310000}], 'mobile': None, 'fax': None, 'address': None, 'reMarks': None, 'priority': 1, 'status': 0, 'createId': '1222', 'createTime': 1661620732000, 'updateId': '1222', 'updateTime': 1661620732000}, {'id': 2, 'bid': 211699386875907, 'enterpriseId': 1142, 'parentId': '1192', 'departName': '资源市场-注册用户', 'departNameEn': '', 'departNameAbbr': '', 'orgCode': '', 'orgType': '1', 'childDepartList': [], 'mobile': None, 'fax': None, 'address': None, 'reMarks': None, 'priority': 2, 'status': 0, 'createId': '1222', 'createTime': 1647246934000, 'updateId': '1222', 'updateTime': 1647246934000}, {'id': 3, 'bid': 211699405750275, 'enterpriseId': 1142, 'parentId': '1192', 'departName': '运营中心', 'departNameEn': '', 'departNameAbbr': '', 'orgCode': '', 'orgType': '1', 'childDepartList': [], 'mobile': None, 'fax': None, 'address': None, 'reMarks': None, 'priority': 3, 'status': 0, 'createId': '1222', 'createTime': 1647246943000, 'updateId': '1222', 'updateTime': 1647246943000}, {'id': 15, 'bid': 260058887815171, 'enterpriseId': 1142, 'parentId': '1192', 'departName': '销售部', 'departNameEn': '', 'departNameAbbr': '', 'orgCode': '', 'orgType': '1', 'childDepartList': [{'id': 16, 'bid': 260058929758211, 'enterpriseId': 1142, 'parentId': '260058887815171', 'departName': '售前', 'departNameEn': '', 'departNameAbbr': '', 'orgCode': '', 'orgType': '2', 'childDepartList': [], 'mobile': None, 'fax': None, 'address': None, 'reMarks': None, 'priority': 1, 'status': 0, 'createId': '1222', 'createTime': 1670306561000, 'updateId': '1222', 'updateTime': 1670306561000}, {'id': 17, 'bid': 260058969604099, 'enterpriseId': 1142, 'parentId': '260058887815171', 'departName': '售后', 'departNameEn': '', 'departNameAbbr': '', 'orgCode': '', 'orgType': '2', 'childDepartList': [], 'mobile': None, 'fax': None, 'address': None, 'reMarks': None, 'priority': 2, 'status': 0, 'createId': '1222', 'createTime': 1670306580000, 'updateId': '1222', 'updateTime': 1670306580000}], 'mobile': None, 'fax': None, 'address': None, 'reMarks': None, 'priority': 10, 'status': 0, 'createId': '1222', 'createTime': 1670306541000, 'updateId': '1222', 'updateTime': 1670306541000}], 'mobile': None, 'fax': None, 'address': None, 'reMarks': None, 'priority': 1, 'status': 0, 'createId': None, 'createTime': 1592810690000, 'updateId': None, 'updateTime': 1592810690000}}, 'success': True}
[2023-02-21 19:04:54,750]-[Request.py]-[line:35]-INFO: POST请求接口：https://mrpa-test.ai-rtc.com:8082/plat/api/robot/saveOrUpdate 成功!
[2023-02-21 19:04:54,751]-[Request.py]-[line:40]-INFO: POST请求参数为：{'name': 'auto_test8952', 'professionId': '4', 'list': [{'scopeId': 266782201937922}, {'scopeId': 241843426099203}], 'useScopeType': 2, 'description': '', 'fileInfoId': ''}
[2023-02-21 19:04:54,751]-[Request.py]-[line:43]-INFO: POST接口返回数据为:{'code': 200, 'message': 'success', 'data': '新增成功', 'success': True}
[2023-02-21 19:04:54,751]-[Assert.py]-[line:15]-INFO: 断言成功----验证值为： 200, 结果为：200 
[2023-02-21 19:04:54,751]-[test_robot_create.py]-[line:79]-INFO: 测试完成！

[2023-02-21 19:04:54,756]-[allure_report.py]-[line:17]-INFO: 正在生成报告中...
[2023-02-21 19:04:54,756]-[allure_report.py]-[line:19]-INFO: 生成报告的数据路径为：C:\Users\Administrator\PycharmProjects\API_auto_test\report\report_data
[2023-02-21 19:05:06,335]-[allure_report.py]-[line:21]-INFO: 生成报告html路径为：C:\Users\Administrator\PycharmProjects\API_auto_test\report\report_html
[2023-02-21 19:05:06,335]-[allure_report.py]-[line:22]-INFO: 报告生成成功！
